2025-07-14 00:08:19 | INFO     | gui.login:start_login_process:261 - 登录线程已启动。
2025-07-14 00:08:19 | INFO     | gui.login:run:50 - 正在启动浏览器...
2025-07-14 00:08:22 | INFO     | gui.login:run:66 - 已打开登录入口页面 (A页面): https://gyytygyy.xidian.edu.cn/Views/User/Main.html?VenueNo=02
2025-07-14 00:08:22 | INFO     | gui.login:run:72 - 等待跳转到验证页面 (B页面)...
2025-07-14 00:08:36 | INFO     | gui.login:run:78 - 已跳转到验证页面: https://ids.xidian.edu.cn/authserver/login?service=https%3A%2F%2Fxxcapp.xidian.edu.cn%2Fa_xidian%2Fapi%2Fcas-login%2Findex%3Fredirect%3Dhttps%253A%252F%252Fxxcapp.xidian.edu.cn%252F%252Fuc%252Fapi%252Foauth%252Findex%253Fappid%253D200240927110038794%2526redirect%253Dhttp%25253a%25252f%25252fgyytygyy.xidian.edu.cn%25252fUser%25252fQYLogin%2526state%253DSTATE%26from%3Dwap
2025-07-14 00:08:36 | INFO     | gui.login:run:90 - 请在弹出的浏览器窗口中完成登录操作...
2025-07-14 00:08:42 | INFO     | gui.login:run:99 - 已从验证页面返回主业务域 (A页面): https://gyytygyy.xidian.edu.cn/Views/User/Main.html
2025-07-14 00:08:42 | INFO     | gui.login:run:104 - 用户可能已登录并返回主业务域，尝试获取凭证...
2025-07-14 00:08:44 | INFO     | gui.login:_get_credentials_from_driver:142 - 获取到 8 条Cookie。
2025-07-14 00:08:44 | INFO     | gui.login:_get_credentials_from_driver:150 - 获取到 Local Storage 数据。
2025-07-14 00:08:44 | INFO     | gui.login:_get_credentials_from_driver:160 - 获取到 Session Storage 数据。
2025-07-14 00:08:44 | INFO     | gui.login:on_login_success:267 - 登录成功信号接收。
2025-07-14 00:08:46 | INFO     | gui.login:_fetch_and_display_user_info:296 - 尝试获取用户信息...
2025-07-14 00:08:47 | INFO     | gui.login:run:125 - 浏览器已关闭。
2025-07-14 00:08:47 | INFO     | gui.login:_fetch_and_display_user_info:305 - 获取到用户名: 侯岚翔
2025-07-14 00:08:47 | INFO     | gui.login:_load_and_display_avatar:325 - 正在加载头像: https://wework.qpic.cn/wwpic3az/140326_JB7hsLjfQluboix_1722488622/0
2025-07-14 00:08:47 | INFO     | gui.login:_on_avatar_download_finished:360 - 头像加载成功。
2025-07-14 00:20:56 | INFO     | gui.login:_load_initial_user_status:387 - 尝试加载初始用户状态...
2025-07-14 00:20:56 | INFO     | gui.login:_fetch_and_display_user_info:454 - 尝试获取用户信息...
2025-07-14 00:20:56 | INFO     | gui.login:_fetch_and_display_user_info:463 - 获取到用户名: 侯岚翔
2025-07-14 00:20:56 | INFO     | gui.login:_load_and_display_avatar:483 - 正在加载头像: https://wework.qpic.cn/wwpic3az/140326_JB7hsLjfQluboix_1722488622/0
2025-07-14 00:20:57 | INFO     | gui.login:_on_avatar_download_finished:518 - 头像加载成功。
2025-07-14 00:21:00 | INFO     | gui.login:_on_sport_selected:368 - 点击了 羽毛球 图标。
2025-07-14 00:21:00 | INFO     | gui.login:_on_sport_selected:368 - 点击了 乒乓球 图标。
2025-07-14 00:21:01 | INFO     | gui.login:_on_sport_selected:368 - 点击了 篮球 图标。
2025-07-14 00:21:01 | INFO     | gui.login:_on_sport_selected:368 - 点击了 健身 图标。
2025-07-14 00:21:32 | INFO     | gui.login:_on_sport_selected:368 - 点击了 羽毛球 图标。
2025-07-14 00:21:33 | INFO     | gui.login:_on_sport_selected:368 - 点击了 乒乓球 图标。
2025-07-14 00:21:33 | INFO     | gui.login:_on_sport_selected:368 - 点击了 篮球 图标。
2025-07-14 00:21:33 | INFO     | gui.login:_on_sport_selected:368 - 点击了 健身 图标。
2025-07-14 00:21:34 | INFO     | gui.login:start_login_process:420 - 登录线程已启动。
2025-07-14 00:21:34 | INFO     | gui.login:run:51 - 正在启动浏览器...
2025-07-14 00:21:37 | INFO     | gui.login:run:67 - 已打开登录入口页面 (A页面): https://gyytygyy.xidian.edu.cn/Views/User/Main.html?VenueNo=02
2025-07-14 00:21:37 | INFO     | gui.login:run:73 - 等待跳转到验证页面 (B页面)...
2025-07-14 00:21:46 | INFO     | gui.login:run:79 - 已跳转到验证页面: https://ids.xidian.edu.cn/authserver/login?service=https%3A%2F%2Fxxcapp.xidian.edu.cn%2Fa_xidian%2Fapi%2Fcas-login%2Findex%3Fredirect%3Dhttps%253A%252F%252Fxxcapp.xidian.edu.cn%252F%252Fuc%252Fapi%252Foauth%252Findex%253Fappid%253D200240927110038794%2526redirect%253Dhttp%25253a%25252f%25252fgyytygyy.xidian.edu.cn%25252fUser%25252fQYLogin%2526state%253DSTATE%26from%3Dwap
2025-07-14 00:21:46 | INFO     | gui.login:run:92 - 请在弹出的浏览器窗口中完成登录操作...
2025-07-14 00:22:04 | INFO     | gui.login:run:101 - 已从验证页面返回主业务域 (A页面): https://gyytygyy.xidian.edu.cn/Views/User/Main.html
2025-07-14 00:22:04 | INFO     | gui.login:run:106 - 用户可能已登录并返回主业务域，尝试获取凭证...
2025-07-14 00:22:06 | INFO     | gui.login:_get_credentials_from_driver:145 - 获取到 8 条Cookie。
2025-07-14 00:22:06 | INFO     | gui.login:_get_credentials_from_driver:153 - 获取到 Local Storage 数据。
2025-07-14 00:22:06 | INFO     | gui.login:_get_credentials_from_driver:163 - 获取到 Session Storage 数据。
2025-07-14 00:22:06 | INFO     | gui.login:on_login_success:426 - 登录成功信号接收。
2025-07-14 00:22:08 | INFO     | gui.login:_fetch_and_display_user_info:454 - 尝试获取用户信息...
2025-07-14 00:22:08 | INFO     | gui.login:_fetch_and_display_user_info:463 - 获取到用户名: 侯岚翔
2025-07-14 00:22:08 | INFO     | gui.login:_load_and_display_avatar:483 - 正在加载头像: https://wework.qpic.cn/wwpic3az/140326_JB7hsLjfQluboix_1722488622/0
2025-07-14 00:22:08 | INFO     | gui.login:_on_avatar_download_finished:518 - 头像加载成功。
2025-07-14 00:22:08 | INFO     | gui.login:run:128 - 浏览器已关闭。
2025-07-14 00:22:09 | INFO     | gui.login:_on_sport_selected:368 - 点击了 羽毛球 图标。
2025-07-14 00:22:10 | INFO     | gui.login:_on_sport_selected:368 - 点击了 乒乓球 图标。
2025-07-14 00:22:10 | INFO     | gui.login:_on_sport_selected:368 - 点击了 篮球 图标。
2025-07-14 00:22:11 | INFO     | gui.login:_on_sport_selected:368 - 点击了 健身 图标。
2025-07-14 00:22:20 | INFO     | gui.login:_on_sport_selected:368 - 点击了 乒乓球 图标。
2025-07-14 00:22:20 | INFO     | gui.login:_on_sport_selected:368 - 点击了 篮球 图标。
2025-07-14 00:22:20 | INFO     | gui.login:_on_sport_selected:368 - 点击了 健身 图标。
2025-07-14 00:22:21 | INFO     | gui.login:_on_sport_selected:368 - 点击了 羽毛球 图标。
2025-07-14 00:33:58 | INFO     | gui.main_windows:_load_initial_user_status:270 - 尝试加载初始用户状态...
2025-07-14 00:33:58 | INFO     | gui.main_windows:_fetch_and_display_user_info:291 - 尝试获取用户信息...
2025-07-14 00:33:59 | INFO     | gui.main_windows:_fetch_and_display_user_info:300 - 获取到用户名: 侯岚翔
2025-07-14 00:33:59 | INFO     | gui.main_windows:_load_and_display_avatar:320 - 正在加载头像: https://wework.qpic.cn/wwpic3az/140326_JB7hsLjfQluboix_1722488622/0
2025-07-14 00:33:59 | INFO     | gui.main_windows:_on_avatar_download_finished:355 - 头像加载成功。
2025-07-14 00:34:01 | INFO     | gui.main_windows:_logout_user:222 - 用户退出登录。
2025-07-14 00:34:08 | INFO     | gui.login_page:_start_login_process:221 - 登录线程已启动。
2025-07-14 00:34:08 | INFO     | gui.login_page:run:42 - 正在启动浏览器...
2025-07-14 00:34:10 | INFO     | gui.login_page:run:58 - 已打开登录入口页面 (A页面): https://gyytygyy.xidian.edu.cn/Views/User/Main.html?VenueNo=02
2025-07-14 00:34:10 | INFO     | gui.login_page:run:64 - 等待跳转到验证页面 (B页面)...
2025-07-14 00:34:17 | INFO     | gui.login_page:run:70 - 已跳转到验证页面: https://ids.xidian.edu.cn/authserver/login?service=https%3A%2F%2Fxxcapp.xidian.edu.cn%2Fa_xidian%2Fapi%2Fcas-login%2Findex%3Fredirect%3Dhttps%253A%252F%252Fxxcapp.xidian.edu.cn%252F%252Fuc%252Fapi%252Foauth%252Findex%253Fappid%253D200240927110038794%2526redirect%253Dhttp%25253a%25252f%25252fgyytygyy.xidian.edu.cn%25252fUser%25252fQYLogin%2526state%253DSTATE%26from%3Dwap
2025-07-14 00:34:17 | INFO     | gui.login_page:run:83 - 请在弹出的浏览器窗口中完成登录操作...
2025-07-14 00:34:31 | INFO     | gui.login_page:run:92 - 已从验证页面返回主业务域 (A页面): https://gyytygyy.xidian.edu.cn/Views/User/Main.html
2025-07-14 00:34:31 | INFO     | gui.login_page:run:97 - 用户可能已登录并返回主业务域，尝试获取凭证...
2025-07-14 00:34:34 | INFO     | gui.login_page:_get_credentials_from_driver:136 - 获取到 8 条Cookie。
2025-07-14 00:34:34 | INFO     | gui.login_page:_get_credentials_from_driver:144 - 获取到 Local Storage 数据。
2025-07-14 00:34:34 | INFO     | gui.login_page:_get_credentials_from_driver:154 - 获取到 Session Storage 数据。
2025-07-14 00:34:34 | INFO     | gui.login_page:_on_login_success:227 - 登录成功信号接收。
2025-07-14 00:34:35 | INFO     | gui.main_windows:_on_login_successful_from_page:237 - 从登录页面接收到登录成功信号。
2025-07-14 00:34:35 | INFO     | gui.main_windows:_fetch_and_display_user_info:291 - 尝试获取用户信息...
2025-07-14 00:34:35 | INFO     | gui.main_windows:_fetch_and_display_user_info:300 - 获取到用户名: 侯岚翔
2025-07-14 00:34:35 | INFO     | gui.main_windows:_load_and_display_avatar:320 - 正在加载头像: https://wework.qpic.cn/wwpic3az/140326_JB7hsLjfQluboix_1722488622/0
2025-07-14 00:34:36 | INFO     | gui.main_windows:_on_avatar_download_finished:355 - 头像加载成功。
2025-07-14 00:34:36 | INFO     | gui.login_page:run:119 - 浏览器已关闭。
2025-07-14 00:34:37 | INFO     | gui.main_windows:_on_sport_selected:251 - 点击了 羽毛球 图标。
2025-07-14 00:34:38 | INFO     | gui.main_windows:_on_sport_selected:251 - 点击了 乒乓球 图标。
2025-07-14 00:34:38 | INFO     | gui.main_windows:_on_sport_selected:251 - 点击了 篮球 图标。
2025-07-14 00:34:39 | INFO     | gui.main_windows:_on_sport_selected:251 - 点击了 健身 图标。
2025-07-14 00:34:43 | INFO     | gui.main_windows:_load_initial_user_status:270 - 尝试加载初始用户状态...
2025-07-14 00:34:43 | INFO     | gui.main_windows:_fetch_and_display_user_info:291 - 尝试获取用户信息...
2025-07-14 00:34:44 | INFO     | gui.main_windows:_fetch_and_display_user_info:300 - 获取到用户名: 侯岚翔
2025-07-14 00:34:44 | INFO     | gui.main_windows:_load_and_display_avatar:320 - 正在加载头像: https://wework.qpic.cn/wwpic3az/140326_JB7hsLjfQluboix_1722488622/0
2025-07-14 00:34:44 | INFO     | gui.main_windows:_on_avatar_download_finished:355 - 头像加载成功。
2025-07-14 00:34:45 | INFO     | gui.main_windows:_on_sport_selected:251 - 点击了 羽毛球 图标。
2025-07-14 00:34:45 | INFO     | gui.main_windows:_on_sport_selected:251 - 点击了 乒乓球 图标。
2025-07-14 00:34:46 | INFO     | gui.main_windows:_on_sport_selected:251 - 点击了 篮球 图标。
2025-07-14 00:34:46 | INFO     | gui.main_windows:_on_sport_selected:251 - 点击了 健身 图标。
2025-07-14 00:34:47 | INFO     | gui.main_windows:_logout_user:222 - 用户退出登录。
2025-07-14 00:34:52 | INFO     | gui.main_windows:_load_initial_user_status:270 - 尝试加载初始用户状态...
2025-07-14 00:34:52 | INFO     | gui.main_windows:_fetch_and_display_user_info:291 - 尝试获取用户信息...
2025-07-14 00:34:52 | INFO     | gui.main_windows:_fetch_and_display_user_info:300 - 获取到用户名: 侯岚翔
2025-07-14 00:34:52 | INFO     | gui.main_windows:_load_and_display_avatar:320 - 正在加载头像: https://wework.qpic.cn/wwpic3az/140326_JB7hsLjfQluboix_1722488622/0
2025-07-14 00:34:53 | INFO     | gui.main_windows:_on_avatar_download_finished:355 - 头像加载成功。
2025-07-14 01:45:22 | INFO     | gui.badminton_booking_page:run:34 - 正在获取场地信息：dateadd=0, TimePeriod=0
2025-07-14 01:45:22 | INFO     | gui.main_windows:_load_initial_user_status:270 - 尝试加载初始用户状态...
2025-07-14 01:45:22 | INFO     | gui.main_windows:_fetch_and_display_user_info:291 - 尝试获取用户信息...
2025-07-14 01:45:22 | INFO     | gui.main_windows:_fetch_and_display_user_info:300 - 获取到用户名: 侯岚翔
2025-07-14 01:45:22 | INFO     | gui.main_windows:_load_and_display_avatar:320 - 正在加载头像: https://wework.qpic.cn/wwpic3az/140326_JB7hsLjfQluboix_1722488622/0
2025-07-14 01:45:22 | INFO     | gui.main_windows:_on_avatar_download_finished:355 - 头像加载成功。
2025-07-14 01:45:24 | INFO     | gui.main_windows:_on_sport_selected:251 - 点击了 羽毛球 图标。
2025-07-14 01:45:25 | INFO     | gui.badminton_booking_page:_on_venue_state_fetched:208 - 场地信息获取成功。
2025-07-14 01:45:38 | INFO     | gui.badminton_booking_page:_on_time_period_changed:175 - 时间段选择改变为: 下午 (12:00-18:00) (值: 1)
2025-07-14 01:45:38 | INFO     | gui.badminton_booking_page:run:34 - 正在获取场地信息：dateadd=0, TimePeriod=1
2025-07-14 01:45:39 | INFO     | gui.badminton_booking_page:_on_venue_state_fetched:208 - 场地信息获取成功。
2025-07-14 01:45:41 | INFO     | gui.badminton_booking_page:_on_time_period_changed:175 - 时间段选择改变为: 晚上 (18:00-22:00) (值: 2)
2025-07-14 01:45:41 | INFO     | gui.badminton_booking_page:run:34 - 正在获取场地信息：dateadd=0, TimePeriod=2
2025-07-14 01:45:41 | INFO     | gui.badminton_booking_page:_on_venue_state_fetched:208 - 场地信息获取成功。
2025-07-14 01:45:52 | INFO     | gui.badminton_booking_page:_on_time_period_changed:175 - 时间段选择改变为: 上午 (08:00-12:00) (值: 0)
2025-07-14 01:45:52 | INFO     | gui.badminton_booking_page:run:34 - 正在获取场地信息：dateadd=0, TimePeriod=0
2025-07-14 01:45:52 | INFO     | gui.badminton_booking_page:_on_venue_state_fetched:208 - 场地信息获取成功。
2025-07-14 01:45:55 | INFO     | gui.badminton_booking_page:_on_time_period_changed:175 - 时间段选择改变为: 晚上 (18:00-22:00) (值: 2)
2025-07-14 01:45:55 | INFO     | gui.badminton_booking_page:run:34 - 正在获取场地信息：dateadd=0, TimePeriod=2
2025-07-14 01:45:55 | INFO     | gui.badminton_booking_page:_on_venue_state_fetched:208 - 场地信息获取成功。
2025-07-14 01:46:03 | INFO     | gui.badminton_booking_page:_on_date_changed:169 - 日期选择改变为: 2025-07-15
2025-07-14 01:46:03 | INFO     | gui.badminton_booking_page:run:34 - 正在获取场地信息：dateadd=1, TimePeriod=2
2025-07-14 01:46:05 | INFO     | gui.badminton_booking_page:_on_venue_state_fetched:208 - 场地信息获取成功。
2025-07-14 01:46:05 | INFO     | gui.badminton_booking_page:_on_date_changed:169 - 日期选择改变为: 2025-07-14
2025-07-14 01:46:05 | INFO     | gui.badminton_booking_page:run:34 - 正在获取场地信息：dateadd=0, TimePeriod=2
2025-07-14 01:46:06 | INFO     | gui.badminton_booking_page:_on_venue_state_fetched:208 - 场地信息获取成功。
2025-07-14 01:46:07 | INFO     | gui.badminton_booking_page:_on_date_changed:169 - 日期选择改变为: 2025-07-15
2025-07-14 01:46:07 | INFO     | gui.badminton_booking_page:run:34 - 正在获取场地信息：dateadd=1, TimePeriod=2
2025-07-14 01:46:08 | INFO     | gui.badminton_booking_page:_on_venue_state_fetched:208 - 场地信息获取成功。
2025-07-14 01:46:10 | INFO     | gui.badminton_booking_page:_on_time_period_changed:175 - 时间段选择改变为: 上午 (08:00-12:00) (值: 0)
2025-07-14 01:46:10 | INFO     | gui.badminton_booking_page:run:34 - 正在获取场地信息：dateadd=1, TimePeriod=0
2025-07-14 01:46:11 | INFO     | gui.badminton_booking_page:_on_venue_state_fetched:208 - 场地信息获取成功。
2025-07-14 01:46:24 | INFO     | gui.main_windows:_on_sport_selected:251 - 点击了 乒乓球 图标。
2025-07-14 01:46:25 | INFO     | gui.main_windows:_on_sport_selected:251 - 点击了 羽毛球 图标。
2025-07-14 01:51:00 | INFO     | gui.badminton_booking_page:run:34 - 正在获取场地信息：dateadd=1, TimePeriod=0
2025-07-14 01:51:00 | INFO     | gui.main_windows:_load_initial_user_status:270 - 尝试加载初始用户状态...
2025-07-14 01:51:00 | INFO     | gui.main_windows:_fetch_and_display_user_info:291 - 尝试获取用户信息...
2025-07-14 01:51:03 | INFO     | gui.main_windows:_fetch_and_display_user_info:300 - 获取到用户名: 侯岚翔
2025-07-14 01:51:03 | INFO     | gui.main_windows:_load_and_display_avatar:320 - 正在加载头像: https://wework.qpic.cn/wwpic3az/140326_JB7hsLjfQluboix_1722488622/0
2025-07-14 01:51:03 | INFO     | gui.badminton_booking_page:_on_venue_state_fetched:217 - 场地信息获取成功。
2025-07-14 01:51:03 | INFO     | gui.main_windows:_on_avatar_download_finished:355 - 头像加载成功。
2025-07-14 01:51:04 | INFO     | gui.main_windows:_on_sport_selected:251 - 点击了 羽毛球 图标。
2025-07-14 01:51:18 | INFO     | gui.badminton_booking_page:_on_time_period_changed:184 - 时间段选择改变为: 下午 (12:00-18:00) (值: 1)
2025-07-14 01:51:18 | INFO     | gui.badminton_booking_page:run:34 - 正在获取场地信息：dateadd=1, TimePeriod=1
2025-07-14 01:51:18 | INFO     | gui.badminton_booking_page:_on_venue_state_fetched:217 - 场地信息获取成功。
2025-07-14 01:51:24 | INFO     | gui.badminton_booking_page:_on_time_period_changed:184 - 时间段选择改变为: 上午 (08:00-12:00) (值: 0)
2025-07-14 01:51:24 | INFO     | gui.badminton_booking_page:run:34 - 正在获取场地信息：dateadd=1, TimePeriod=0
2025-07-14 01:51:27 | INFO     | gui.badminton_booking_page:_on_venue_state_fetched:217 - 场地信息获取成功。
2025-07-14 01:51:30 | INFO     | gui.badminton_booking_page:_on_time_period_changed:184 - 时间段选择改变为: 晚上 (18:00-22:00) (值: 2)
2025-07-14 01:51:30 | INFO     | gui.badminton_booking_page:run:34 - 正在获取场地信息：dateadd=1, TimePeriod=2
2025-07-14 01:51:31 | INFO     | gui.badminton_booking_page:_on_venue_state_fetched:217 - 场地信息获取成功。
2025-07-14 01:51:34 | INFO     | gui.badminton_booking_page:_on_time_period_changed:184 - 时间段选择改变为: 下午 (12:00-18:00) (值: 1)
2025-07-14 01:51:34 | INFO     | gui.badminton_booking_page:run:34 - 正在获取场地信息：dateadd=1, TimePeriod=1
2025-07-14 01:51:34 | INFO     | gui.badminton_booking_page:_on_venue_state_fetched:217 - 场地信息获取成功。
2025-07-14 01:52:27 | INFO     | gui.badminton_booking_page:_on_time_period_changed:184 - 时间段选择改变为: 晚上 (18:00-22:00) (值: 2)
2025-07-14 01:52:27 | INFO     | gui.badminton_booking_page:run:34 - 正在获取场地信息：dateadd=1, TimePeriod=2
2025-07-14 01:52:27 | INFO     | gui.badminton_booking_page:_on_venue_state_fetched:217 - 场地信息获取成功。
2025-07-14 01:52:28 | INFO     | gui.badminton_booking_page:_on_time_period_changed:184 - 时间段选择改变为: 下午 (12:00-18:00) (值: 1)
2025-07-14 01:52:28 | INFO     | gui.badminton_booking_page:run:34 - 正在获取场地信息：dateadd=1, TimePeriod=1
2025-07-14 01:52:29 | INFO     | gui.badminton_booking_page:_on_venue_state_fetched:217 - 场地信息获取成功。
2025-07-14 01:52:30 | INFO     | gui.badminton_booking_page:_on_time_period_changed:184 - 时间段选择改变为: 上午 (08:00-12:00) (值: 0)
2025-07-14 01:52:30 | INFO     | gui.badminton_booking_page:run:34 - 正在获取场地信息：dateadd=1, TimePeriod=0
2025-07-14 01:52:30 | INFO     | gui.badminton_booking_page:_on_venue_state_fetched:217 - 场地信息获取成功。
2025-07-14 01:53:38 | INFO     | gui.badminton_booking_page:run:34 - 正在获取场地信息：dateadd=1, TimePeriod=0
2025-07-14 01:53:46 | INFO     | gui.badminton_booking_page:run:34 - 正在获取场地信息：dateadd=1, TimePeriod=0
2025-07-14 01:55:30 | INFO     | gui.badminton_booking_page:run:34 - 正在获取场地信息：dateadd=1, TimePeriod=0
2025-07-14 01:55:30 | INFO     | gui.main_windows:_load_initial_user_status:270 - 尝试加载初始用户状态...
2025-07-14 01:55:30 | INFO     | gui.main_windows:_fetch_and_display_user_info:291 - 尝试获取用户信息...
2025-07-14 01:55:30 | INFO     | gui.main_windows:_fetch_and_display_user_info:300 - 获取到用户名: 侯岚翔
2025-07-14 01:55:30 | INFO     | gui.main_windows:_load_and_display_avatar:320 - 正在加载头像: https://wework.qpic.cn/wwpic3az/140326_JB7hsLjfQluboix_1722488622/0
2025-07-14 01:55:31 | INFO     | gui.main_windows:_on_avatar_download_finished:355 - 头像加载成功。
2025-07-14 01:55:32 | INFO     | gui.main_windows:_on_sport_selected:251 - 点击了 羽毛球 图标。
2025-07-14 01:55:33 | INFO     | gui.badminton_booking_page:_on_venue_state_fetched:221 - 场地信息获取成功。
2025-07-14 01:55:43 | INFO     | gui.badminton_booking_page:_on_time_period_changed:187 - 时间段选择改变为: 下午 (12:00-18:00) (值: 1)
2025-07-14 01:55:43 | INFO     | gui.badminton_booking_page:run:34 - 正在获取场地信息：dateadd=1, TimePeriod=1
2025-07-14 01:55:43 | INFO     | gui.badminton_booking_page:_on_venue_state_fetched:221 - 场地信息获取成功。
2025-07-14 01:57:27 | INFO     | gui.main_windows:_on_sport_selected:251 - 点击了 乒乓球 图标。
2025-07-14 01:57:27 | INFO     | gui.main_windows:_on_sport_selected:251 - 点击了 羽毛球 图标。
2025-07-14 01:57:28 | INFO     | gui.main_windows:_on_sport_selected:251 - 点击了 篮球 图标。
2025-07-14 01:57:28 | INFO     | gui.main_windows:_on_sport_selected:251 - 点击了 健身 图标。
2025-07-14 01:57:29 | INFO     | gui.main_windows:_on_sport_selected:251 - 点击了 羽毛球 图标。
2025-07-14 01:57:33 | INFO     | gui.badminton_booking_page:_on_time_period_changed:187 - 时间段选择改变为: 晚上 (18:00-22:00) (值: 2)
2025-07-14 01:57:33 | INFO     | gui.badminton_booking_page:run:34 - 正在获取场地信息：dateadd=1, TimePeriod=2
2025-07-14 01:57:35 | INFO     | gui.badminton_booking_page:_on_venue_state_fetched:221 - 场地信息获取成功。
2025-07-14 01:58:05 | INFO     | gui.badminton_booking_page:_fetch_initial_reference_venue_state:198 - 初始加载：正在获取昨天的场地信息作为参考...
2025-07-14 01:58:05 | INFO     | gui.badminton_booking_page:run:34 - 正在获取场地信息：dateadd=-1, TimePeriod=0
2025-07-14 01:58:05 | INFO     | gui.main_windows:_load_initial_user_status:270 - 尝试加载初始用户状态...
2025-07-14 01:58:05 | INFO     | gui.main_windows:_fetch_and_display_user_info:291 - 尝试获取用户信息...
2025-07-14 01:58:08 | INFO     | gui.main_windows:_fetch_and_display_user_info:300 - 获取到用户名: 侯岚翔
2025-07-14 01:58:08 | INFO     | gui.main_windows:_load_and_display_avatar:320 - 正在加载头像: https://wework.qpic.cn/wwpic3az/140326_JB7hsLjfQluboix_1722488622/0
2025-07-14 01:58:08 | INFO     | gui.badminton_booking_page:_on_venue_state_fetched:243 - 场地信息获取成功。
2025-07-14 01:58:08 | INFO     | gui.main_windows:_on_avatar_download_finished:355 - 头像加载成功。
2025-07-14 01:58:09 | INFO     | gui.main_windows:_on_sport_selected:251 - 点击了 羽毛球 图标。
2025-07-14 01:58:32 | INFO     | gui.badminton_booking_page:_fetch_initial_reference_venue_state:198 - 初始加载：正在获取昨天的场地信息作为参考...
2025-07-14 01:58:32 | INFO     | gui.badminton_booking_page:run:34 - 正在获取场地信息：dateadd=-1, TimePeriod=0
2025-07-14 01:58:32 | INFO     | gui.main_windows:_load_initial_user_status:270 - 尝试加载初始用户状态...
2025-07-14 01:58:32 | INFO     | gui.main_windows:_fetch_and_display_user_info:291 - 尝试获取用户信息...
2025-07-14 01:58:34 | INFO     | gui.main_windows:_fetch_and_display_user_info:300 - 获取到用户名: 侯岚翔
2025-07-14 01:58:34 | INFO     | gui.main_windows:_load_and_display_avatar:320 - 正在加载头像: https://wework.qpic.cn/wwpic3az/140326_JB7hsLjfQluboix_1722488622/0
2025-07-14 01:58:34 | INFO     | gui.badminton_booking_page:_on_venue_state_fetched:243 - 场地信息获取成功。
2025-07-14 01:58:35 | INFO     | gui.main_windows:_on_avatar_download_finished:355 - 头像加载成功。
2025-07-14 01:58:35 | INFO     | gui.main_windows:_on_sport_selected:251 - 点击了 羽毛球 图标。
2025-07-14 01:58:41 | INFO     | gui.badminton_booking_page:_on_time_period_changed:185 - 时间段选择改变为: 晚上 (18:00-22:00) (值: 2)
2025-07-14 01:58:41 | INFO     | gui.badminton_booking_page:run:34 - 正在获取场地信息：dateadd=1, TimePeriod=2
2025-07-14 01:58:41 | INFO     | gui.badminton_booking_page:_on_venue_state_fetched:243 - 场地信息获取成功。
2025-07-14 01:58:45 | INFO     | gui.badminton_booking_page:_on_date_changed:179 - 预约日期选择改变为: 2025-07-16
2025-07-14 01:58:45 | INFO     | gui.badminton_booking_page:run:34 - 正在获取场地信息：dateadd=2, TimePeriod=2
2025-07-14 01:58:47 | INFO     | gui.badminton_booking_page:_on_venue_state_fetched:243 - 场地信息获取成功。
2025-07-14 01:58:47 | INFO     | gui.badminton_booking_page:_on_time_period_changed:185 - 时间段选择改变为: 上午 (08:00-12:00) (值: 0)
2025-07-14 01:58:47 | INFO     | gui.badminton_booking_page:run:34 - 正在获取场地信息：dateadd=2, TimePeriod=0
2025-07-14 01:58:48 | INFO     | gui.badminton_booking_page:_on_venue_state_fetched:243 - 场地信息获取成功。
2025-07-14 01:58:52 | INFO     | gui.badminton_booking_page:_on_date_changed:179 - 预约日期选择改变为: 2025-07-18
2025-07-14 01:58:52 | INFO     | gui.badminton_booking_page:run:34 - 正在获取场地信息：dateadd=4, TimePeriod=0
2025-07-14 01:58:54 | INFO     | gui.badminton_booking_page:_on_time_period_changed:185 - 时间段选择改变为: 下午 (12:00-18:00) (值: 1)
2025-07-14 01:58:55 | INFO     | gui.badminton_booking_page:run:34 - 正在获取场地信息：dateadd=4, TimePeriod=1
2025-07-14 01:58:55 | INFO     | gui.badminton_booking_page:_on_venue_state_fetched:243 - 场地信息获取成功。
2025-07-14 01:58:55 | INFO     | gui.badminton_booking_page:_on_venue_state_fetched:243 - 场地信息获取成功。
2025-07-14 02:00:36 | INFO     | gui.badminton_booking_page:_fetch_initial_reference_venue_state:198 - 初始加载：正在获取昨天的场地信息作为参考...
2025-07-14 02:00:36 | INFO     | gui.main_windows:_load_initial_user_status:270 - 尝试加载初始用户状态...
2025-07-14 02:00:36 | INFO     | gui.badminton_booking_page:run:34 - 正在获取场地信息：dateadd=-1, TimePeriod=0
2025-07-14 02:00:36 | INFO     | gui.main_windows:_fetch_and_display_user_info:291 - 尝试获取用户信息...
2025-07-14 02:00:40 | INFO     | gui.main_windows:_fetch_and_display_user_info:300 - 获取到用户名: 侯岚翔
2025-07-14 02:00:40 | INFO     | gui.main_windows:_load_and_display_avatar:320 - 正在加载头像: https://wework.qpic.cn/wwpic3az/140326_JB7hsLjfQluboix_1722488622/0
2025-07-14 02:00:40 | INFO     | gui.badminton_booking_page:_on_venue_state_fetched:243 - 场地信息获取成功。
2025-07-14 02:00:40 | INFO     | gui.main_windows:_on_avatar_download_finished:355 - 头像加载成功。
2025-07-14 02:00:41 | INFO     | gui.main_windows:_on_sport_selected:251 - 点击了 羽毛球 图标。
2025-07-14 02:00:51 | INFO     | gui.badminton_booking_page:_on_time_period_changed:185 - 时间段选择改变为: 晚上 (18:00-22:00) (值: 2)
2025-07-14 02:00:51 | INFO     | gui.badminton_booking_page:run:34 - 正在获取场地信息：dateadd=1, TimePeriod=2
2025-07-14 02:00:53 | INFO     | gui.badminton_booking_page:_on_venue_state_fetched:243 - 场地信息获取成功。
2025-07-14 02:03:22 | INFO     | gui.badminton_booking_page:_fetch_initial_reference_venue_state:198 - 初始加载：正在获取昨天的场地信息作为参考...
2025-07-14 02:03:22 | INFO     | gui.badminton_booking_page:run:34 - 正在获取场地信息：dateadd=-1, TimePeriod=0
2025-07-14 02:03:22 | INFO     | gui.main_windows:_load_initial_user_status:270 - 尝试加载初始用户状态...
2025-07-14 02:03:22 | INFO     | gui.main_windows:_fetch_and_display_user_info:291 - 尝试获取用户信息...
2025-07-14 02:03:23 | INFO     | gui.main_windows:_fetch_and_display_user_info:300 - 获取到用户名: 侯岚翔
2025-07-14 02:03:23 | INFO     | gui.main_windows:_load_and_display_avatar:320 - 正在加载头像: https://wework.qpic.cn/wwpic3az/140326_JB7hsLjfQluboix_1722488622/0
2025-07-14 02:03:23 | INFO     | gui.main_windows:_on_avatar_download_finished:355 - 头像加载成功。
2025-07-14 02:03:24 | INFO     | gui.main_windows:_on_sport_selected:251 - 点击了 羽毛球 图标。
2025-07-14 02:03:26 | INFO     | gui.badminton_booking_page:_on_venue_state_fetched:243 - 场地信息获取成功。
2025-07-14 02:03:26 | WARNING  | gui.badminton_booking_page:_on_venue_state_fetched:255 - 当前获取的场地信息中，没有找到可预订的场次。
2025-07-14 02:04:07 | INFO     | gui.badminton_booking_page:_fetch_initial_reference_venue_state:199 - 初始加载：正在获取昨天的场地信息作为参考...
2025-07-14 02:04:07 | INFO     | gui.badminton_booking_page:run:34 - 正在获取场地信息：dateadd=-1, TimePeriod=0
2025-07-14 02:04:07 | INFO     | gui.main_windows:_load_initial_user_status:270 - 尝试加载初始用户状态...
2025-07-14 02:04:07 | INFO     | gui.main_windows:_fetch_and_display_user_info:291 - 尝试获取用户信息...
2025-07-14 02:04:07 | INFO     | gui.main_windows:_fetch_and_display_user_info:300 - 获取到用户名: 侯岚翔
2025-07-14 02:04:07 | INFO     | gui.main_windows:_load_and_display_avatar:320 - 正在加载头像: https://wework.qpic.cn/wwpic3az/140326_JB7hsLjfQluboix_1722488622/0
2025-07-14 02:04:08 | INFO     | gui.main_windows:_on_avatar_download_finished:355 - 头像加载成功。
2025-07-14 02:04:08 | INFO     | gui.badminton_booking_page:_on_venue_state_fetched:247 - 场地信息获取成功。
2025-07-14 02:04:09 | INFO     | gui.main_windows:_on_sport_selected:251 - 点击了 羽毛球 图标。
2025-07-14 02:04:10 | INFO     | gui.badminton_booking_page:_on_field_selected:417 - 已选中场地: 羽毛球场1号 10:00-11:00
2025-07-14 02:04:15 | INFO     | gui.badminton_booking_page:_on_field_selected:417 - 已选中场地: 羽毛球场1号 10:00-11:00
2025-07-14 02:04:18 | INFO     | gui.badminton_booking_page:_on_field_selected:417 - 已选中场地: 羽毛球场1号 10:00-11:00
2025-07-14 02:04:20 | INFO     | gui.badminton_booking_page:_on_time_period_changed:186 - 时间段选择改变为: 下午 (12:00-18:00) (值: 1)
2025-07-14 02:04:20 | INFO     | gui.badminton_booking_page:run:34 - 正在获取场地信息：dateadd=1, TimePeriod=1
2025-07-14 02:04:21 | INFO     | gui.badminton_booking_page:_on_time_period_changed:186 - 时间段选择改变为: 上午 (08:00-12:00) (值: 0)
2025-07-14 02:04:23 | INFO     | gui.badminton_booking_page:run:34 - 正在获取场地信息：dateadd=1, TimePeriod=0
2025-07-14 02:04:23 | INFO     | gui.badminton_booking_page:_on_venue_state_fetched:247 - 场地信息获取成功。
2025-07-14 02:04:23 | WARNING  | gui.badminton_booking_page:_on_venue_state_fetched:260 - 当前获取的场地信息中，没有找到可预订的场次。
2025-07-14 02:04:23 | INFO     | gui.badminton_booking_page:_on_venue_state_fetched:247 - 场地信息获取成功。
2025-07-14 02:04:23 | WARNING  | gui.badminton_booking_page:_on_venue_state_fetched:260 - 当前获取的场地信息中，没有找到可预订的场次。
2025-07-14 02:04:25 | INFO     | gui.main_windows:_on_sport_selected:251 - 点击了 乒乓球 图标。
2025-07-14 02:04:26 | INFO     | gui.main_windows:_on_sport_selected:251 - 点击了 羽毛球 图标。
2025-07-14 02:04:30 | INFO     | gui.badminton_booking_page:_on_field_selected:417 - 已选中场地: 羽毛球场1号 10:00-11:00
2025-07-14 02:04:32 | INFO     | gui.badminton_booking_page:_on_field_selected:417 - 已选中场地: 羽毛球场1号 11:00-12:00
2025-07-14 02:04:34 | INFO     | gui.badminton_booking_page:_on_field_selected:417 - 已选中场地: 羽毛球场1号 10:00-11:00
2025-07-14 02:04:45 | INFO     | gui.badminton_booking_page:_on_date_changed:180 - 预约日期选择改变为: 2025-07-14
2025-07-14 02:04:45 | INFO     | gui.badminton_booking_page:run:34 - 正在获取场地信息：dateadd=0, TimePeriod=0
2025-07-14 02:04:47 | INFO     | gui.badminton_booking_page:_on_venue_state_fetched:247 - 场地信息获取成功。
2025-07-14 02:04:47 | WARNING  | gui.badminton_booking_page:_on_venue_state_fetched:260 - 当前获取的场地信息中，没有找到可预订的场次。
2025-07-14 02:04:48 | INFO     | gui.badminton_booking_page:_on_field_selected:417 - 已选中场地: 羽毛球场1号 10:00-11:00
2025-07-14 02:05:20 | INFO     | gui.badminton_booking_page:_fetch_initial_reference_venue_state:199 - 初始加载：正在获取昨天的场地信息作为参考...
2025-07-14 02:05:20 | INFO     | gui.badminton_booking_page:run:34 - 正在获取场地信息：dateadd=-1, TimePeriod=0
2025-07-14 02:05:20 | INFO     | gui.main_windows:_load_initial_user_status:270 - 尝试加载初始用户状态...
2025-07-14 02:05:20 | INFO     | gui.main_windows:_fetch_and_display_user_info:291 - 尝试获取用户信息...
2025-07-14 02:05:20 | INFO     | gui.main_windows:_fetch_and_display_user_info:300 - 获取到用户名: 侯岚翔
2025-07-14 02:05:20 | INFO     | gui.main_windows:_load_and_display_avatar:320 - 正在加载头像: https://wework.qpic.cn/wwpic3az/140326_JB7hsLjfQluboix_1722488622/0
2025-07-14 02:05:21 | INFO     | gui.main_windows:_on_avatar_download_finished:355 - 头像加载成功。
2025-07-14 02:05:21 | INFO     | gui.badminton_booking_page:_on_venue_state_fetched:247 - 场地信息获取成功。
2025-07-14 02:05:22 | INFO     | gui.main_windows:_on_sport_selected:251 - 点击了 羽毛球 图标。
2025-07-14 02:05:23 | INFO     | gui.badminton_booking_page:_on_field_selected:417 - 已选中场地: 羽毛球场1号 10:00-11:00
2025-07-14 02:06:12 | INFO     | gui.badminton_booking_page:_fetch_initial_reference_venue_state:199 - 初始加载：正在获取昨天的场地信息作为参考...
2025-07-14 02:06:12 | INFO     | gui.badminton_booking_page:run:34 - 正在获取场地信息：dateadd=-1, TimePeriod=0
2025-07-14 02:06:12 | INFO     | gui.main_windows:_load_initial_user_status:270 - 尝试加载初始用户状态...
2025-07-14 02:06:12 | INFO     | gui.main_windows:_fetch_and_display_user_info:291 - 尝试获取用户信息...
2025-07-14 02:06:13 | INFO     | gui.main_windows:_fetch_and_display_user_info:300 - 获取到用户名: 侯岚翔
2025-07-14 02:06:13 | INFO     | gui.main_windows:_load_and_display_avatar:320 - 正在加载头像: https://wework.qpic.cn/wwpic3az/140326_JB7hsLjfQluboix_1722488622/0
2025-07-14 02:06:13 | INFO     | gui.badminton_booking_page:_on_venue_state_fetched:247 - 场地信息获取成功。
2025-07-14 02:06:14 | INFO     | gui.main_windows:_on_avatar_download_finished:355 - 头像加载成功。
2025-07-14 02:06:15 | INFO     | gui.main_windows:_on_sport_selected:251 - 点击了 羽毛球 图标。
2025-07-14 02:10:34 | INFO     | gui.badminton_booking_page:_fetch_initial_reference_venue_state:222 - 初始加载：正在获取昨天的场地信息作为参考...
2025-07-14 02:10:34 | INFO     | gui.badminton_booking_page:run:34 - 正在获取场地信息：dateadd=-1, TimePeriod=0
2025-07-14 02:10:34 | INFO     | gui.main_windows:_load_initial_user_status:270 - 尝试加载初始用户状态...
2025-07-14 02:10:34 | INFO     | gui.main_windows:_fetch_and_display_user_info:291 - 尝试获取用户信息...
2025-07-14 02:10:34 | INFO     | gui.main_windows:_fetch_and_display_user_info:300 - 获取到用户名: 侯岚翔
2025-07-14 02:10:34 | INFO     | gui.main_windows:_load_and_display_avatar:320 - 正在加载头像: https://wework.qpic.cn/wwpic3az/140326_JB7hsLjfQluboix_1722488622/0
2025-07-14 02:10:35 | INFO     | gui.main_windows:_on_avatar_download_finished:355 - 头像加载成功。
2025-07-14 02:10:36 | INFO     | gui.main_windows:_on_sport_selected:251 - 点击了 羽毛球 图标。
2025-07-14 02:10:37 | INFO     | gui.badminton_booking_page:_on_venue_state_fetched:271 - 场地信息获取成功。
2025-07-14 02:10:38 | INFO     | gui.badminton_booking_page:_on_field_button_toggle_selection:429 - 已选中场地: 羽毛球场1号 10:00-11:00
2025-07-14 02:10:41 | INFO     | gui.badminton_booking_page:_on_field_button_toggle_selection:429 - 已选中场地: 羽毛球场1号 11:00-12:00
2025-07-14 02:10:43 | INFO     | gui.badminton_booking_page:_on_field_button_toggle_selection:429 - 已选中场地: 羽毛球场1号 9:00-10:00
2025-07-14 02:10:44 | INFO     | gui.badminton_booking_page:_on_field_button_toggle_selection:421 - 取消选中场地: 羽毛球场1号 9:00-10:00
2025-07-14 02:10:45 | INFO     | gui.badminton_booking_page:run:77 - 定时任务已启动。将在 2025-07-15 08:00:00 执行预约尝试。
2025-07-14 02:10:45 | INFO     | gui.badminton_booking_page:run:78 - 选中的场地：[
  {
    "BeginTime": "10:00",
    "Count": "2",
    "DateBeginTime": "2025-07-14 10:00:00",
    "DateEndTime": "2025-07-14 11:00:00",
    "EndTime": "11:00",
    "FieldName": "羽毛球场1号",
    "FieldNo": "GYMQ001",
    "FieldState": "1",
    "FieldTypeNo": "021",
    "FinalPrice": "0.00",
    "IsHalfHour": "0",
    "MembeName": "钟**已预订",
    "ShowWidth": "100",
    "TimePeriod": "0",
    "TimeStatus": "1"
  },
  {
    "BeginTime": "11:00",
    "Count": "2",
    "DateBeginTime": "2025-07-14 11:00:00",
    "DateEndTime": "2025-07-14 12:00:00",
    "EndTime": "12:00",
    "FieldName": "羽毛球场1号",
    "FieldNo": "GYMQ001",
    "FieldState": "1",
    "FieldTypeNo": "021",
    "FinalPrice": "0.00",
    "IsHalfHour": "0",
    "MembeName": "钟**已预订",
    "ShowWidth": "100",
    "TimePeriod": "0",
    "TimeStatus": "1"
  }
]
2025-07-14 02:10:45 | INFO     | gui.badminton_booking_page:run:81 - 等待 107354.90 秒后执行抢票逻辑...
2025-07-14 02:14:24 | INFO     | gui.badminton_booking_page:_fetch_initial_reference_venue_state:222 - 初始加载：正在获取昨天的场地信息作为参考...
2025-07-14 02:14:24 | INFO     | gui.main_windows:_load_initial_user_status:270 - 尝试加载初始用户状态...
2025-07-14 02:14:24 | INFO     | gui.main_windows:_fetch_and_display_user_info:291 - 尝试获取用户信息...
2025-07-14 02:14:24 | INFO     | gui.badminton_booking_page:run:34 - 正在获取场地信息：dateadd=-1, TimePeriod=0
2025-07-14 02:14:25 | INFO     | gui.main_windows:_fetch_and_display_user_info:300 - 获取到用户名: 侯岚翔
2025-07-14 02:14:25 | INFO     | gui.main_windows:_load_and_display_avatar:320 - 正在加载头像: https://wework.qpic.cn/wwpic3az/140326_JB7hsLjfQluboix_1722488622/0
2025-07-14 02:14:26 | INFO     | gui.main_windows:_on_avatar_download_finished:355 - 头像加载成功。
2025-07-14 02:14:26 | INFO     | gui.main_windows:_on_sport_selected:251 - 点击了 羽毛球 图标。
2025-07-14 02:14:28 | INFO     | gui.badminton_booking_page:_on_venue_state_fetched:271 - 场地信息获取成功。
2025-07-14 02:22:13 | INFO     | gui.badminton_booking_page:_fetch_initial_reference_venue_state:222 - 初始加载：正在获取昨天的场地信息作为参考...
2025-07-14 02:22:13 | INFO     | gui.main_windows:_load_initial_user_status:270 - 尝试加载初始用户状态...
2025-07-14 02:22:13 | INFO     | gui.badminton_booking_page:run:34 - 正在获取场地信息：dateadd=-1, TimePeriod=0
2025-07-14 02:22:13 | INFO     | gui.main_windows:_fetch_and_display_user_info:291 - 尝试获取用户信息...
2025-07-14 02:22:13 | INFO     | gui.main_windows:_fetch_and_display_user_info:300 - 获取到用户名: 侯岚翔
2025-07-14 02:22:13 | INFO     | gui.main_windows:_load_and_display_avatar:320 - 正在加载头像: https://wework.qpic.cn/wwpic3az/140326_JB7hsLjfQluboix_1722488622/0
2025-07-14 02:22:14 | INFO     | gui.main_windows:_on_avatar_download_finished:355 - 头像加载成功。
2025-07-14 02:22:15 | INFO     | gui.main_windows:_on_sport_selected:251 - 点击了 羽毛球 图标。
2025-07-14 02:22:16 | INFO     | gui.badminton_booking_page:_on_venue_state_fetched:271 - 场地信息获取成功。
2025-07-14 02:22:17 | INFO     | gui.badminton_booking_page:_on_field_button_toggle_selection:429 - 已选中场地: 羽毛球场1号 10:00-11:00
2025-07-14 02:22:20 | INFO     | gui.badminton_booking_page:_on_field_button_toggle_selection:421 - 取消选中场地: 羽毛球场1号 10:00-11:00
2025-07-14 02:22:28 | INFO     | gui.badminton_booking_page:_on_time_period_changed:209 - 时间段选择改变为: 下午 (12:00-18:00) (值: 1)
2025-07-14 02:22:28 | INFO     | gui.badminton_booking_page:_fetch_venue_state:247 - 正在获取当前选择日期的场地信息...
2025-07-14 02:22:28 | INFO     | gui.badminton_booking_page:run:34 - 正在获取场地信息：dateadd=1, TimePeriod=1
2025-07-14 02:22:30 | INFO     | gui.badminton_booking_page:_on_venue_state_fetched:271 - 场地信息获取成功。
2025-07-14 02:22:30 | WARNING  | gui.badminton_booking_page:_on_venue_state_fetched:284 - 当前获取的场地信息中，没有找到可预订的场次。
2025-07-14 02:22:32 | INFO     | gui.main_windows:_logout_user:222 - 用户退出登录。
2025-07-14 02:22:34 | INFO     | gui.login_page:_start_login_process:221 - 登录线程已启动。
2025-07-14 02:22:34 | INFO     | gui.login_page:run:42 - 正在启动浏览器...
2025-07-14 02:22:53 | INFO     | gui.login_page:run:58 - 已打开登录入口页面 (A页面): https://gyytygyy.xidian.edu.cn/Views/User/Main.html?VenueNo=02
2025-07-14 02:22:53 | INFO     | gui.login_page:run:64 - 等待跳转到验证页面 (B页面)...
2025-07-14 02:23:10 | INFO     | gui.login_page:run:70 - 已跳转到验证页面: https://ids.xidian.edu.cn/authserver/login?service=https%3A%2F%2Fxxcapp.xidian.edu.cn%2Fa_xidian%2Fapi%2Fcas-login%2Findex%3Fredirect%3Dhttps%253A%252F%252Fxxcapp.xidian.edu.cn%252F%252Fuc%252Fapi%252Foauth%252Findex%253Fappid%253D200240927110038794%2526redirect%253Dhttp%25253a%25252f%25252fgyytygyy.xidian.edu.cn%25252fUser%25252fQYLogin%2526state%253DSTATE%26from%3Dwap
2025-07-14 02:23:10 | INFO     | gui.login_page:run:83 - 请在弹出的浏览器窗口中完成登录操作...
2025-07-14 02:23:24 | INFO     | gui.login_page:run:92 - 已从验证页面返回主业务域 (A页面): https://gyytygyy.xidian.edu.cn/Views/User/Main.html
2025-07-14 02:23:24 | INFO     | gui.login_page:run:97 - 用户可能已登录并返回主业务域，尝试获取凭证...
2025-07-14 02:23:26 | INFO     | gui.login_page:_get_credentials_from_driver:136 - 获取到 8 条Cookie。
2025-07-14 02:23:26 | INFO     | gui.login_page:_get_credentials_from_driver:144 - 获取到 Local Storage 数据。
2025-07-14 02:23:26 | INFO     | gui.login_page:_get_credentials_from_driver:154 - 获取到 Session Storage 数据。
2025-07-14 02:23:26 | INFO     | gui.login_page:_on_login_success:227 - 登录成功信号接收。
2025-07-14 02:23:28 | INFO     | gui.main_windows:_on_login_successful_from_page:237 - 从登录页面接收到登录成功信号。
2025-07-14 02:23:28 | INFO     | gui.main_windows:_fetch_and_display_user_info:291 - 尝试获取用户信息...
2025-07-14 02:23:28 | INFO     | gui.main_windows:_fetch_and_display_user_info:300 - 获取到用户名: 侯岚翔
2025-07-14 02:23:28 | INFO     | gui.main_windows:_load_and_display_avatar:320 - 正在加载头像: https://wework.qpic.cn/wwpic3az/140326_JB7hsLjfQluboix_1722488622/0
2025-07-14 02:23:29 | INFO     | gui.login_page:run:119 - 浏览器已关闭。
2025-07-14 02:23:29 | INFO     | gui.main_windows:_on_avatar_download_finished:355 - 头像加载成功。
2025-07-14 02:23:30 | INFO     | gui.main_windows:_on_sport_selected:251 - 点击了 羽毛球 图标。
2025-07-14 02:23:34 | INFO     | gui.badminton_booking_page:_on_date_changed:203 - 预约日期选择改变为: 2025-07-14
2025-07-14 02:23:34 | INFO     | gui.badminton_booking_page:_fetch_venue_state:247 - 正在获取当前选择日期的场地信息...
2025-07-14 02:23:34 | INFO     | gui.badminton_booking_page:run:34 - 正在获取场地信息：dateadd=0, TimePeriod=1
2025-07-14 02:23:37 | INFO     | gui.badminton_booking_page:_on_venue_state_fetched:271 - 场地信息获取成功。
2025-07-14 02:23:37 | WARNING  | gui.badminton_booking_page:_on_venue_state_fetched:284 - 当前获取的场地信息中，没有找到可预订的场次。
2025-07-14 02:23:42 | INFO     | gui.badminton_booking_page:_on_field_button_toggle_selection:429 - 已选中场地: 羽毛球场1号 13:00-14:00
2025-07-14 02:23:44 | INFO     | gui.badminton_booking_page:_on_field_button_toggle_selection:429 - 已选中场地: 羽毛球场1号 14:00-15:00
2025-07-14 02:23:47 | INFO     | gui.badminton_booking_page:run:77 - 定时任务已启动。将在 2025-07-14 08:00:00 执行预约尝试。
2025-07-14 02:23:47 | INFO     | gui.badminton_booking_page:run:78 - 选中的场地：[
  {
    "BeginTime": "13:00",
    "Count": "2",
    "DateBeginTime": "2025-07-14 13:00:00",
    "DateEndTime": "2025-07-14 14:00:00",
    "EndTime": "14:00",
    "FieldName": "羽毛球场1号",
    "FieldNo": "GYMQ001",
    "FieldState": "1",
    "FieldTypeNo": "021",
    "FinalPrice": "0.00",
    "IsHalfHour": "0",
    "MembeName": "已过期",
    "ShowWidth": "100",
    "TimePeriod": "1",
    "TimeStatus": "1"
  },
  {
    "BeginTime": "14:00",
    "Count": "2",
    "DateBeginTime": "2025-07-14 14:00:00",
    "DateEndTime": "2025-07-14 15:00:00",
    "EndTime": "15:00",
    "FieldName": "羽毛球场1号",
    "FieldNo": "GYMQ001",
    "FieldState": "1",
    "FieldTypeNo": "021",
    "FinalPrice": "0.00",
    "IsHalfHour": "0",
    "MembeName": "贾**已预订",
    "ShowWidth": "100",
    "TimePeriod": "1",
    "TimeStatus": "1"
  }
]
2025-07-14 02:23:47 | INFO     | gui.badminton_booking_page:run:81 - 等待 20172.27 秒后执行抢票逻辑...
2025-07-14 02:26:13 | INFO     | core.schedule_task:__new__:31 - SchedulerManager: BackgroundScheduler 已初始化。
2025-07-14 02:26:13 | INFO     | gui.badminton_booking_page:_fetch_initial_reference_venue_state:179 - 初始加载：正在获取昨天的场地信息作为参考...
2025-07-14 02:26:13 | INFO     | gui.badminton_booking_page:run:36 - 正在获取场地信息：dateadd=-1, TimePeriod=0
2025-07-14 02:26:13 | INFO     | gui.main_windows:_load_initial_user_status:270 - 尝试加载初始用户状态...
2025-07-14 02:26:13 | INFO     | gui.main_windows:_fetch_and_display_user_info:291 - 尝试获取用户信息...
2025-07-14 02:26:14 | INFO     | gui.main_windows:_fetch_and_display_user_info:300 - 获取到用户名: 侯岚翔
2025-07-14 02:26:14 | INFO     | gui.main_windows:_load_and_display_avatar:320 - 正在加载头像: https://wework.qpic.cn/wwpic3az/140326_JB7hsLjfQluboix_1722488622/0
2025-07-14 02:26:14 | INFO     | gui.main_windows:_on_avatar_download_finished:355 - 头像加载成功。
2025-07-14 02:26:15 | INFO     | gui.main_windows:_on_sport_selected:251 - 点击了 羽毛球 图标。
2025-07-14 02:26:18 | INFO     | gui.badminton_booking_page:_on_date_changed:160 - 预约日期选择改变为: 2025-07-14
2025-07-14 02:26:18 | INFO     | gui.badminton_booking_page:_fetch_venue_state:204 - 正在获取当前选择日期的场地信息...
2025-07-14 02:26:19 | INFO     | gui.badminton_booking_page:run:36 - 正在获取场地信息：dateadd=0, TimePeriod=0
2025-07-14 02:26:19 | INFO     | gui.badminton_booking_page:_on_venue_state_fetched:228 - 场地信息获取成功。
2025-07-14 02:26:23 | INFO     | gui.badminton_booking_page:_on_venue_state_fetched:228 - 场地信息获取成功。
2025-07-14 02:26:23 | WARNING  | gui.badminton_booking_page:_on_venue_state_fetched:241 - 当前获取的场地信息中，没有找到可预订的场次。
2025-07-14 02:26:23 | INFO     | gui.badminton_booking_page:_on_time_period_changed:166 - 时间段选择改变为: 下午 (12:00-18:00) (值: 1)
2025-07-14 02:26:23 | INFO     | gui.badminton_booking_page:_fetch_venue_state:204 - 正在获取当前选择日期的场地信息...
2025-07-14 02:26:23 | INFO     | gui.badminton_booking_page:run:36 - 正在获取场地信息：dateadd=0, TimePeriod=1
2025-07-14 02:26:24 | INFO     | gui.badminton_booking_page:_on_venue_state_fetched:228 - 场地信息获取成功。
2025-07-14 02:26:24 | WARNING  | gui.badminton_booking_page:_on_venue_state_fetched:241 - 当前获取的场地信息中，没有找到可预订的场次。
2025-07-14 02:26:25 | INFO     | gui.badminton_booking_page:_on_field_button_toggle_selection:390 - 已选中场地: 羽毛球场1号 13:00-14:00
2025-07-14 02:26:27 | INFO     | gui.badminton_booking_page:_on_field_button_toggle_selection:390 - 已选中场地: 羽毛球场1号 14:00-15:00
2025-07-14 02:26:28 | INFO     | core.schedule_task:add_booking_task:83 - SchedulerManager: 定时预约任务已添加，将在 2025-07-14 08:00:00 执行。任务ID: booking_job_1752451200.0_4339994184640466199
2025-07-14 08:39:00 | WARNING  | core.schedule_task:add_booking_task:65 - SchedulerManager: 任务执行时间 2025-07-14 08:00:00 已过期或为当前时间，将尝试立即执行。
2025-07-14 08:39:00 | INFO     | core.schedule_task:_execute_booking_job:92 - SchedulerManager: 正在执行定时预约任务，目标日期: 2025-07-14。
2025-07-14 08:39:00 | INFO     | core.schedule_task:_execute_booking_job:104 - SchedulerManager: 调用 OrderField API，参数: checkdata=[{'BeginTime': '13:00', 'Count': '2', 'DateBeginTime': '2025-07-14 13:00:00', 'DateEndTime': '2025-07-14 14:00:00', 'EndTime': '14:00', 'FieldName': '羽毛球场1号', 'FieldNo': 'GYMQ001', 'FieldState': '1', 'FieldTypeNo': '021', 'FinalPrice': '0.00', 'IsHalfHour': '0', 'MembeName': '已过期', 'ShowWidth': '100', 'TimePeriod': '1', 'TimeStatus': '1'}, {'BeginTime': '14:00', 'Count': '2', 'DateBeginTime': '2025-07-14 14:00:00', 'DateEndTime': '2025-07-14 15:00:00', 'EndTime': '15:00', 'FieldName': '羽毛球场1号', 'FieldNo': 'GYMQ001', 'FieldState': '1', 'FieldTypeNo': '021', 'FinalPrice': '0.00', 'IsHalfHour': '0', 'MembeName': '贾**已预订', 'ShowWidth': '100', 'TimePeriod': '1', 'TimeStatus': '1'}], dateadd=0, VenueNo=02
2025-07-14 08:39:00 | ERROR    | tools.request_b:get_request:101 - GET请求失败: Expecting value: line 1 column 1 (char 0)
2025-07-14 08:39:00 | ERROR    | core.schedule_task:_execute_booking_job:122 - SchedulerManager: 执行预约任务时发生错误: Expecting value: line 1 column 1 (char 0)
2025-07-14 08:40:02 | INFO     | gui.main_windows:_on_sport_selected:251 - 点击了 羽毛球 图标。
2025-07-14 08:40:03 | INFO     | gui.main_windows:_on_sport_selected:251 - 点击了 乒乓球 图标。
2025-07-14 08:40:03 | INFO     | gui.main_windows:_on_sport_selected:251 - 点击了 羽毛球 图标。
2025-07-14 08:41:09 | INFO     | core.schedule_task:__new__:31 - SchedulerManager: BackgroundScheduler 已初始化。
2025-07-14 08:41:09 | INFO     | gui.badminton_booking_page:_fetch_initial_reference_venue_state:179 - 初始加载：正在获取昨天的场地信息作为参考...
2025-07-14 08:41:09 | INFO     | gui.main_windows:_load_initial_user_status:270 - 尝试加载初始用户状态...
2025-07-14 08:41:09 | INFO     | gui.main_windows:_fetch_and_display_user_info:291 - 尝试获取用户信息...
2025-07-14 08:41:09 | INFO     | gui.badminton_booking_page:run:36 - 正在获取场地信息：dateadd=-1, TimePeriod=0
2025-07-14 08:41:10 | ERROR    | tools.request_b:get_request:101 - GET请求失败: Expecting value: line 1 column 1 (char 0)
2025-07-14 08:41:10 | ERROR    | gui.badminton_booking_page:run:51 - 调用 GetVenueStateNew API 发生错误: Expecting value: line 1 column 1 (char 0)
2025-07-14 08:41:10 | ERROR    | tools.request_b:get_request:101 - GET请求失败: Expecting value: line 1 column 1 (char 0)
2025-07-14 08:41:10 | ERROR    | gui.main_windows:_fetch_and_display_user_info:314 - 获取用户信息时发生错误: Expecting value: line 1 column 1 (char 0)
2025-07-14 08:41:10 | ERROR    | gui.badminton_booking_page:_on_venue_state_error:251 - 获取场地信息失败: 调用场地信息API失败: Expecting value: line 1 column 1 (char 0)
2025-07-14 08:41:31 | INFO     | gui.main_windows:_logout_user:222 - 用户退出登录。
2025-07-14 08:41:34 | INFO     | gui.login_page:_start_login_process:221 - 登录线程已启动。
2025-07-14 08:41:34 | INFO     | gui.login_page:run:42 - 正在启动浏览器...
2025-07-14 08:41:41 | INFO     | gui.login_page:run:58 - 已打开登录入口页面 (A页面): https://gyytygyy.xidian.edu.cn/Views/User/Main.html?VenueNo=02
2025-07-14 08:41:41 | INFO     | gui.login_page:run:64 - 等待跳转到验证页面 (B页面)...
2025-07-14 08:41:46 | INFO     | gui.login_page:run:70 - 已跳转到验证页面: https://ids.xidian.edu.cn/authserver/login?service=https%3A%2F%2Fxxcapp.xidian.edu.cn%2Fa_xidian%2Fapi%2Fcas-login%2Findex%3Fredirect%3Dhttps%253A%252F%252Fxxcapp.xidian.edu.cn%252F%252Fuc%252Fapi%252Foauth%252Findex%253Fappid%253D200240927110038794%2526redirect%253Dhttp%25253a%25252f%25252fgyytygyy.xidian.edu.cn%25252fUser%25252fQYLogin%2526state%253DSTATE%26from%3Dwap
2025-07-14 08:41:46 | INFO     | gui.login_page:run:83 - 请在弹出的浏览器窗口中完成登录操作...
2025-07-14 08:43:10 | INFO     | gui.login_page:run:92 - 已从验证页面返回主业务域 (A页面): https://gyytygyy.xidian.edu.cn/Views/User/Main.html
2025-07-14 08:43:10 | INFO     | gui.login_page:run:97 - 用户可能已登录并返回主业务域，尝试获取凭证...
2025-07-14 08:43:12 | INFO     | gui.login_page:_get_credentials_from_driver:136 - 获取到 8 条Cookie。
2025-07-14 08:43:12 | INFO     | gui.login_page:_get_credentials_from_driver:144 - 获取到 Local Storage 数据。
2025-07-14 08:43:12 | INFO     | gui.login_page:_get_credentials_from_driver:154 - 获取到 Session Storage 数据。
2025-07-14 08:43:12 | INFO     | gui.login_page:_on_login_success:227 - 登录成功信号接收。
2025-07-14 08:43:14 | INFO     | gui.main_windows:_on_login_successful_from_page:237 - 从登录页面接收到登录成功信号。
2025-07-14 08:43:14 | INFO     | gui.main_windows:_fetch_and_display_user_info:291 - 尝试获取用户信息...
2025-07-14 08:43:14 | INFO     | gui.main_windows:_fetch_and_display_user_info:300 - 获取到用户名: 侯岚翔
2025-07-14 08:43:14 | INFO     | gui.main_windows:_load_and_display_avatar:320 - 正在加载头像: https://wework.qpic.cn/wwpic3az/140326_JB7hsLjfQluboix_1722488622/0
2025-07-14 08:43:14 | INFO     | gui.main_windows:_on_avatar_download_finished:355 - 头像加载成功。
2025-07-14 08:43:15 | INFO     | gui.login_page:run:119 - 浏览器已关闭。
2025-07-14 08:43:15 | INFO     | gui.main_windows:_on_sport_selected:251 - 点击了 羽毛球 图标。
2025-07-14 08:43:17 | INFO     | gui.badminton_booking_page:_on_date_changed:160 - 预约日期选择改变为: 2025-07-14
2025-07-14 08:43:17 | INFO     | gui.badminton_booking_page:_fetch_venue_state:204 - 正在获取当前选择日期的场地信息...
2025-07-14 08:43:17 | INFO     | gui.badminton_booking_page:run:36 - 正在获取场地信息：dateadd=0, TimePeriod=0
2025-07-14 08:43:20 | INFO     | gui.badminton_booking_page:_on_venue_state_fetched:228 - 场地信息获取成功。
2025-07-14 08:43:20 | WARNING  | gui.badminton_booking_page:_on_venue_state_fetched:241 - 当前获取的场地信息中，没有找到可预订的场次。
2025-07-14 08:43:24 | INFO     | gui.badminton_booking_page:_on_time_period_changed:166 - 时间段选择改变为: 下午 (12:00-18:00) (值: 1)
2025-07-14 08:43:24 | INFO     | gui.badminton_booking_page:_fetch_venue_state:204 - 正在获取当前选择日期的场地信息...
2025-07-14 08:43:24 | INFO     | gui.badminton_booking_page:run:36 - 正在获取场地信息：dateadd=0, TimePeriod=1
2025-07-14 08:43:25 | INFO     | gui.badminton_booking_page:_on_venue_state_fetched:228 - 场地信息获取成功。
2025-07-14 08:43:25 | WARNING  | gui.badminton_booking_page:_on_venue_state_fetched:241 - 当前获取的场地信息中，没有找到可预订的场次。
2025-07-14 08:43:26 | INFO     | gui.badminton_booking_page:_on_field_button_toggle_selection:390 - 已选中场地: 羽毛球场1号 13:00-14:00
2025-07-14 08:43:28 | INFO     | gui.badminton_booking_page:_on_field_button_toggle_selection:390 - 已选中场地: 羽毛球场1号 14:00-15:00
2025-07-14 08:43:36 | WARNING  | core.schedule_task:add_booking_task:65 - SchedulerManager: 任务执行时间 2025-07-14 08:00:00 已过期或为当前时间，将尝试立即执行。
2025-07-14 08:43:36 | INFO     | core.schedule_task:_execute_booking_job:92 - SchedulerManager: 正在执行定时预约任务，目标日期: 2025-07-14。
2025-07-14 08:43:36 | INFO     | core.schedule_task:_execute_booking_job:104 - SchedulerManager: 调用 OrderField API，参数: checkdata=[{'BeginTime': '13:00', 'Count': '2', 'DateBeginTime': '2025-07-14 13:00:00', 'DateEndTime': '2025-07-14 14:00:00', 'EndTime': '14:00', 'FieldName': '羽毛球场1号', 'FieldNo': 'GYMQ001', 'FieldState': '1', 'FieldTypeNo': '021', 'FinalPrice': '0.00', 'IsHalfHour': '0', 'MembeName': '已过期', 'ShowWidth': '100', 'TimePeriod': '1', 'TimeStatus': '1'}, {'BeginTime': '14:00', 'Count': '2', 'DateBeginTime': '2025-07-14 14:00:00', 'DateEndTime': '2025-07-14 15:00:00', 'EndTime': '15:00', 'FieldName': '羽毛球场1号', 'FieldNo': 'GYMQ001', 'FieldState': '1', 'FieldTypeNo': '021', 'FinalPrice': '0.00', 'IsHalfHour': '0', 'MembeName': '贾**已预订', 'ShowWidth': '100', 'TimePeriod': '1', 'TimeStatus': '1'}], dateadd=0, VenueNo=02
2025-07-14 08:43:37 | INFO     | core.schedule_task:_execute_booking_job:107 - SchedulerManager: OrderField API 响应: {'IsCardPay': None, 'MemberNo': None, 'Discount': None, 'ConType': None, 'type': 3, 'errorcode': 0, 'message': '当前时间段有场地不可用，请刷新页面后重新选择', 'resultdata': None}
2025-07-14 08:43:37 | WARNING  | core.schedule_task:_execute_booking_job:117 - SchedulerManager: 预约失败 (场地冲突/手速不够快): 当前时间段有场地不可用，请刷新页面后重新选择
2025-07-14 08:44:03 | INFO     | gui.badminton_booking_page:_on_field_button_toggle_selection:390 - 已选中场地: 羽毛球场1号 15:00-16:00
2025-07-14 08:44:06 | INFO     | gui.badminton_booking_page:_on_field_button_toggle_selection:382 - 取消选中场地: 羽毛球场1号 13:00-14:00
2025-07-14 08:44:26 | WARNING  | core.schedule_task:add_booking_task:65 - SchedulerManager: 任务执行时间 2025-07-14 08:00:00 已过期或为当前时间，将尝试立即执行。
2025-07-14 08:44:26 | INFO     | core.schedule_task:_execute_booking_job:92 - SchedulerManager: 正在执行定时预约任务，目标日期: 2025-07-14。
2025-07-14 08:44:26 | INFO     | core.schedule_task:_execute_booking_job:104 - SchedulerManager: 调用 OrderField API，参数: checkdata=[{'BeginTime': '14:00', 'Count': '2', 'DateBeginTime': '2025-07-14 14:00:00', 'DateEndTime': '2025-07-14 15:00:00', 'EndTime': '15:00', 'FieldName': '羽毛球场1号', 'FieldNo': 'GYMQ001', 'FieldState': '1', 'FieldTypeNo': '021', 'FinalPrice': '0.00', 'IsHalfHour': '0', 'MembeName': '贾**已预订', 'ShowWidth': '100', 'TimePeriod': '1', 'TimeStatus': '1'}, {'BeginTime': '15:00', 'Count': '2', 'DateBeginTime': '2025-07-14 15:00:00', 'DateEndTime': '2025-07-14 16:00:00', 'EndTime': '16:00', 'FieldName': '羽毛球场1号', 'FieldNo': 'GYMQ001', 'FieldState': '1', 'FieldTypeNo': '021', 'FinalPrice': '0.00', 'IsHalfHour': '0', 'MembeName': '贾**已预订', 'ShowWidth': '100', 'TimePeriod': '1', 'TimeStatus': '1'}], dateadd=0, VenueNo=02
2025-07-14 08:44:28 | INFO     | core.schedule_task:_execute_booking_job:107 - SchedulerManager: OrderField API 响应: {'IsCardPay': None, 'MemberNo': None, 'Discount': None, 'ConType': None, 'type': 3, 'errorcode': 0, 'message': '场地冲突，您选择的14:00至15:00的GYMQ001，该场地已被其他人使用，请请重新刷新页面选择场地！', 'resultdata': None}
2025-07-14 08:44:28 | WARNING  | core.schedule_task:_execute_booking_job:117 - SchedulerManager: 预约失败 (场地冲突/手速不够快): 场地冲突，您选择的14:00至15:00的GYMQ001，该场地已被其他人使用，请请重新刷新页面选择场地！
2025-07-14 08:50:59 | INFO     | core.schedule_task:__new__:31 - SchedulerManager: BackgroundScheduler 已初始化。
2025-07-14 08:50:59 | INFO     | gui.badminton_booking_page:_fetch_initial_reference_venue_state:179 - 初始加载：正在获取昨天的场地信息作为参考...
2025-07-14 08:50:59 | INFO     | gui.main_windows:_load_initial_user_status:270 - 尝试加载初始用户状态...
2025-07-14 08:50:59 | INFO     | gui.badminton_booking_page:run:36 - 正在获取场地信息：dateadd=-1, TimePeriod=0
2025-07-14 08:50:59 | INFO     | gui.main_windows:_fetch_and_display_user_info:291 - 尝试获取用户信息...
2025-07-14 08:51:03 | INFO     | gui.main_windows:_fetch_and_display_user_info:300 - 获取到用户名: 侯岚翔
2025-07-14 08:51:03 | INFO     | gui.main_windows:_load_and_display_avatar:320 - 正在加载头像: https://wework.qpic.cn/wwpic3az/140326_JB7hsLjfQluboix_1722488622/0
2025-07-14 08:51:03 | INFO     | gui.badminton_booking_page:_on_venue_state_fetched:228 - 场地信息获取成功。
2025-07-14 08:51:03 | INFO     | gui.main_windows:_on_avatar_download_finished:355 - 头像加载成功。
2025-07-14 08:52:29 | INFO     | core.schedule_task:__new__:31 - SchedulerManager: BackgroundScheduler 已初始化。
2025-07-14 08:52:29 | INFO     | gui.badminton_booking_page:_fetch_initial_reference_venue_state:186 - 初始加载：正在获取昨天的场地信息作为参考...
2025-07-14 08:52:29 | INFO     | gui.main_windows:_load_initial_user_status:270 - 尝试加载初始用户状态...
2025-07-14 08:52:29 | INFO     | gui.badminton_booking_page:run:36 - 正在获取场地信息：dateadd=-1, TimePeriod=0
2025-07-14 08:52:29 | INFO     | gui.main_windows:_fetch_and_display_user_info:291 - 尝试获取用户信息...
2025-07-14 08:52:29 | INFO     | gui.main_windows:_fetch_and_display_user_info:300 - 获取到用户名: 侯岚翔
2025-07-14 08:52:29 | INFO     | gui.main_windows:_load_and_display_avatar:320 - 正在加载头像: https://wework.qpic.cn/wwpic3az/140326_JB7hsLjfQluboix_1722488622/0
2025-07-14 08:52:29 | INFO     | gui.main_windows:_on_avatar_download_finished:355 - 头像加载成功。
2025-07-14 08:52:31 | INFO     | gui.main_windows:_on_sport_selected:251 - 点击了 羽毛球 图标。
2025-07-14 08:52:33 | INFO     | gui.badminton_booking_page:_on_venue_state_fetched:235 - 场地信息获取成功。
2025-07-14 08:52:51 | INFO     | gui.badminton_booking_page:_on_field_button_toggle_selection:397 - 已选中场地: 羽毛球场1号 10:00-11:00
2025-07-14 08:54:59 | INFO     | core.schedule_task:__new__:31 - SchedulerManager: BackgroundScheduler 已初始化。
2025-07-14 08:54:59 | INFO     | gui.badminton_booking_page:_fetch_initial_reference_venue_state:186 - 初始加载：正在获取昨天的场地信息作为参考...
2025-07-14 08:54:59 | INFO     | gui.badminton_booking_page:run:36 - 正在获取场地信息：dateadd=-1, TimePeriod=0
2025-07-14 08:54:59 | INFO     | gui.main_windows:_load_initial_user_status:270 - 尝试加载初始用户状态...
2025-07-14 08:54:59 | INFO     | gui.main_windows:_fetch_and_display_user_info:291 - 尝试获取用户信息...
2025-07-14 08:55:00 | INFO     | gui.main_windows:_fetch_and_display_user_info:300 - 获取到用户名: 侯岚翔
2025-07-14 08:55:00 | INFO     | gui.main_windows:_load_and_display_avatar:320 - 正在加载头像: https://wework.qpic.cn/wwpic3az/140326_JB7hsLjfQluboix_1722488622/0
2025-07-14 08:55:00 | INFO     | gui.main_windows:_on_avatar_download_finished:355 - 头像加载成功。
2025-07-14 08:55:01 | INFO     | gui.main_windows:_on_sport_selected:251 - 点击了 羽毛球 图标。
2025-07-14 08:55:03 | INFO     | gui.badminton_booking_page:_on_venue_state_fetched:235 - 场地信息获取成功。
2025-07-14 08:55:03 | INFO     | gui.badminton_booking_page:_on_field_button_toggle_selection:397 - 已选中场地: 羽毛球场1号 10:00-11:00
2025-07-14 08:55:04 | INFO     | gui.badminton_booking_page:_on_field_button_toggle_selection:397 - 已选中场地: 羽毛球场1号 11:00-12:00
2025-07-14 08:55:05 | INFO     | gui.badminton_booking_page:_on_field_button_toggle_selection:389 - 取消选中场地: 羽毛球场1号 10:00-11:00
2025-07-14 08:55:06 | INFO     | gui.badminton_booking_page:_on_field_button_toggle_selection:389 - 取消选中场地: 羽毛球场1号 11:00-12:00
2025-07-14 08:55:06 | INFO     | gui.badminton_booking_page:_on_field_button_toggle_selection:397 - 已选中场地: 羽毛球场1号 10:00-11:00
2025-07-14 08:55:07 | INFO     | gui.badminton_booking_page:_on_field_button_toggle_selection:397 - 已选中场地: 羽毛球场1号 11:00-12:00
2025-07-14 08:55:08 | INFO     | gui.badminton_booking_page:_on_field_button_toggle_selection:389 - 取消选中场地: 羽毛球场1号 11:00-12:00
2025-07-14 08:55:09 | INFO     | gui.badminton_booking_page:_on_field_button_toggle_selection:389 - 取消选中场地: 羽毛球场1号 10:00-11:00
2025-07-14 08:55:51 | INFO     | gui.badminton_booking_page:_on_field_button_toggle_selection:397 - 已选中场地: 羽毛球场1号 10:00-11:00
2025-07-14 08:55:51 | INFO     | gui.badminton_booking_page:_on_field_button_toggle_selection:389 - 取消选中场地: 羽毛球场1号 10:00-11:00
2025-07-14 08:55:52 | INFO     | gui.badminton_booking_page:_on_field_button_toggle_selection:397 - 已选中场地: 羽毛球场1号 10:00-11:00
2025-07-14 08:55:52 | INFO     | gui.badminton_booking_page:_on_field_button_toggle_selection:389 - 取消选中场地: 羽毛球场1号 10:00-11:00
2025-07-14 08:55:53 | INFO     | gui.badminton_booking_page:_on_field_button_toggle_selection:397 - 已选中场地: 羽毛球场1号 10:00-11:00
2025-07-14 08:55:54 | INFO     | gui.badminton_booking_page:_on_field_button_toggle_selection:389 - 取消选中场地: 羽毛球场1号 10:00-11:00
2025-07-14 08:56:28 | INFO     | core.schedule_task:__new__:31 - SchedulerManager: BackgroundScheduler 已初始化。
2025-07-14 08:56:29 | INFO     | gui.badminton_booking_page:_fetch_initial_reference_venue_state:186 - 初始加载：正在获取昨天的场地信息作为参考...
2025-07-14 08:56:29 | INFO     | gui.badminton_booking_page:run:36 - 正在获取场地信息：dateadd=-1, TimePeriod=0
2025-07-14 08:56:29 | INFO     | gui.main_windows:_load_initial_user_status:270 - 尝试加载初始用户状态...
2025-07-14 08:56:29 | INFO     | gui.main_windows:_fetch_and_display_user_info:291 - 尝试获取用户信息...
2025-07-14 08:56:29 | INFO     | gui.main_windows:_fetch_and_display_user_info:300 - 获取到用户名: 侯岚翔
2025-07-14 08:56:29 | INFO     | gui.main_windows:_load_and_display_avatar:320 - 正在加载头像: https://wework.qpic.cn/wwpic3az/140326_JB7hsLjfQluboix_1722488622/0
2025-07-14 08:56:30 | INFO     | gui.badminton_booking_page:_on_venue_state_fetched:235 - 场地信息获取成功。
2025-07-14 08:56:30 | INFO     | gui.main_windows:_on_avatar_download_finished:355 - 头像加载成功。
2025-07-14 08:56:31 | INFO     | gui.main_windows:_on_sport_selected:251 - 点击了 羽毛球 图标。
2025-07-14 08:56:32 | INFO     | gui.badminton_booking_page:_on_field_button_toggle_selection:398 - 已选中场地: 羽毛球场1号 11:00-12:00
2025-07-14 08:56:33 | INFO     | gui.badminton_booking_page:_on_field_button_toggle_selection:390 - 取消选中场地: 羽毛球场1号 11:00-12:00
2025-07-14 08:57:00 | INFO     | core.schedule_task:__new__:31 - SchedulerManager: BackgroundScheduler 已初始化。
2025-07-14 08:57:00 | INFO     | gui.badminton_booking_page:_fetch_initial_reference_venue_state:186 - 初始加载：正在获取昨天的场地信息作为参考...
2025-07-14 08:57:00 | INFO     | gui.badminton_booking_page:run:36 - 正在获取场地信息：dateadd=-1, TimePeriod=0
2025-07-14 08:57:00 | INFO     | gui.main_windows:_load_initial_user_status:270 - 尝试加载初始用户状态...
2025-07-14 08:57:00 | INFO     | gui.main_windows:_fetch_and_display_user_info:291 - 尝试获取用户信息...
2025-07-14 08:57:01 | INFO     | gui.main_windows:_fetch_and_display_user_info:300 - 获取到用户名: 侯岚翔
2025-07-14 08:57:01 | INFO     | gui.main_windows:_load_and_display_avatar:320 - 正在加载头像: https://wework.qpic.cn/wwpic3az/140326_JB7hsLjfQluboix_1722488622/0
2025-07-14 08:57:01 | INFO     | gui.main_windows:_on_avatar_download_finished:355 - 头像加载成功。
2025-07-14 08:57:01 | INFO     | gui.badminton_booking_page:_on_venue_state_fetched:235 - 场地信息获取成功。
2025-07-14 08:57:02 | INFO     | gui.main_windows:_on_sport_selected:251 - 点击了 羽毛球 图标。
2025-07-14 08:57:03 | INFO     | gui.badminton_booking_page:_on_field_button_toggle_selection:397 - 已选中场地: 羽毛球场1号 10:00-11:00
2025-07-14 08:57:03 | INFO     | gui.badminton_booking_page:_on_field_button_toggle_selection:389 - 取消选中场地: 羽毛球场1号 10:00-11:00
2025-07-14 08:57:28 | INFO     | core.schedule_task:__new__:31 - SchedulerManager: BackgroundScheduler 已初始化。
2025-07-14 08:57:28 | INFO     | gui.badminton_booking_page:_fetch_initial_reference_venue_state:186 - 初始加载：正在获取昨天的场地信息作为参考...
2025-07-14 08:57:28 | INFO     | gui.main_windows:_load_initial_user_status:270 - 尝试加载初始用户状态...
2025-07-14 08:57:28 | INFO     | gui.badminton_booking_page:run:36 - 正在获取场地信息：dateadd=-1, TimePeriod=0
2025-07-14 08:57:28 | INFO     | gui.main_windows:_fetch_and_display_user_info:291 - 尝试获取用户信息...
2025-07-14 08:57:28 | INFO     | gui.main_windows:_fetch_and_display_user_info:300 - 获取到用户名: 侯岚翔
2025-07-14 08:57:28 | INFO     | gui.main_windows:_load_and_display_avatar:320 - 正在加载头像: https://wework.qpic.cn/wwpic3az/140326_JB7hsLjfQluboix_1722488622/0
2025-07-14 08:57:28 | INFO     | gui.main_windows:_on_avatar_download_finished:355 - 头像加载成功。
2025-07-14 08:57:29 | INFO     | gui.main_windows:_on_sport_selected:251 - 点击了 羽毛球 图标。
2025-07-14 08:57:31 | INFO     | gui.badminton_booking_page:_on_venue_state_fetched:235 - 场地信息获取成功。
2025-07-14 08:57:31 | INFO     | gui.badminton_booking_page:_on_field_button_toggle_selection:397 - 已选中场地: 羽毛球场1号 11:00-12:00
2025-07-14 08:57:32 | INFO     | gui.badminton_booking_page:_on_field_button_toggle_selection:389 - 取消选中场地: 羽毛球场1号 11:00-12:00
2025-07-14 08:57:33 | INFO     | gui.badminton_booking_page:_on_field_button_toggle_selection:397 - 已选中场地: 羽毛球场1号 9:00-10:00
2025-07-14 08:57:33 | INFO     | gui.badminton_booking_page:_on_field_button_toggle_selection:389 - 取消选中场地: 羽毛球场1号 9:00-10:00
2025-07-14 08:59:26 | INFO     | core.schedule_task:__new__:31 - SchedulerManager: BackgroundScheduler 已初始化。
2025-07-14 08:59:26 | INFO     | gui.badminton_booking_page:_fetch_initial_reference_venue_state:186 - 初始加载：正在获取昨天的场地信息作为参考...
2025-07-14 08:59:26 | INFO     | gui.badminton_booking_page:run:36 - 正在获取场地信息：dateadd=-1, TimePeriod=0
2025-07-14 08:59:26 | INFO     | gui.main_windows:_load_initial_user_status:270 - 尝试加载初始用户状态...
2025-07-14 08:59:26 | INFO     | gui.main_windows:_fetch_and_display_user_info:291 - 尝试获取用户信息...
2025-07-14 08:59:26 | INFO     | gui.main_windows:_fetch_and_display_user_info:300 - 获取到用户名: 侯岚翔
2025-07-14 08:59:26 | INFO     | gui.main_windows:_load_and_display_avatar:320 - 正在加载头像: https://wework.qpic.cn/wwpic3az/140326_JB7hsLjfQluboix_1722488622/0
2025-07-14 08:59:26 | INFO     | gui.main_windows:_on_avatar_download_finished:355 - 头像加载成功。
2025-07-14 08:59:27 | INFO     | gui.badminton_booking_page:_on_venue_state_fetched:235 - 场地信息获取成功。
2025-07-14 08:59:27 | INFO     | gui.main_windows:_on_sport_selected:251 - 点击了 羽毛球 图标。
2025-07-14 08:59:28 | INFO     | gui.badminton_booking_page:_on_field_button_toggle_selection:399 - 已选中场地: 羽毛球场1号 10:00-11:00
2025-07-14 08:59:29 | INFO     | gui.badminton_booking_page:_on_field_button_toggle_selection:399 - 已选中场地: 羽毛球场1号 11:00-12:00
2025-07-14 08:59:29 | INFO     | gui.badminton_booking_page:_on_field_button_toggle_selection:391 - 取消选中场地: 羽毛球场1号 10:00-11:00
2025-07-14 08:59:29 | INFO     | gui.badminton_booking_page:_on_field_button_toggle_selection:391 - 取消选中场地: 羽毛球场1号 11:00-12:00
2025-07-14 08:59:30 | INFO     | gui.badminton_booking_page:_on_field_button_toggle_selection:399 - 已选中场地: 羽毛球场1号 11:00-12:00
2025-07-14 08:59:30 | INFO     | gui.badminton_booking_page:_on_field_button_toggle_selection:399 - 已选中场地: 羽毛球场1号 10:00-11:00
2025-07-14 08:59:32 | INFO     | gui.badminton_booking_page:_on_field_button_toggle_selection:391 - 取消选中场地: 羽毛球场1号 11:00-12:00
2025-07-14 08:59:32 | INFO     | gui.badminton_booking_page:_on_field_button_toggle_selection:391 - 取消选中场地: 羽毛球场1号 10:00-11:00
2025-07-14 09:00:38 | INFO     | core.schedule_task:__new__:31 - SchedulerManager: BackgroundScheduler 已初始化。
2025-07-14 09:00:38 | INFO     | gui.badminton_booking_page:_fetch_initial_reference_venue_state:186 - 初始加载：正在获取昨天的场地信息作为参考...
2025-07-14 09:00:38 | INFO     | gui.badminton_booking_page:run:36 - 正在获取场地信息：dateadd=-1, TimePeriod=0
2025-07-14 09:00:38 | INFO     | gui.main_windows:_load_initial_user_status:270 - 尝试加载初始用户状态...
2025-07-14 09:00:38 | INFO     | gui.main_windows:_fetch_and_display_user_info:291 - 尝试获取用户信息...
2025-07-14 09:00:43 | INFO     | gui.main_windows:_fetch_and_display_user_info:300 - 获取到用户名: 侯岚翔
2025-07-14 09:00:43 | INFO     | gui.main_windows:_load_and_display_avatar:320 - 正在加载头像: https://wework.qpic.cn/wwpic3az/140326_JB7hsLjfQluboix_1722488622/0
2025-07-14 09:00:43 | INFO     | gui.badminton_booking_page:_on_venue_state_fetched:235 - 场地信息获取成功。
2025-07-14 09:00:43 | INFO     | gui.main_windows:_on_avatar_download_finished:355 - 头像加载成功。
2025-07-14 09:00:44 | INFO     | gui.main_windows:_on_sport_selected:251 - 点击了 羽毛球 图标。
2025-07-14 09:00:45 | INFO     | gui.badminton_booking_page:_on_field_button_toggle_selection:394 - 已选中场地: 羽毛球场1号 10:00-11:00
2025-07-14 09:00:45 | INFO     | gui.badminton_booking_page:_on_field_button_toggle_selection:386 - 取消选中场地: 羽毛球场1号 10:00-11:00
2025-07-14 09:01:19 | INFO     | core.schedule_task:__new__:31 - SchedulerManager: BackgroundScheduler 已初始化。
2025-07-14 09:01:19 | INFO     | gui.badminton_booking_page:_fetch_initial_reference_venue_state:186 - 初始加载：正在获取昨天的场地信息作为参考...
2025-07-14 09:01:19 | INFO     | gui.badminton_booking_page:run:36 - 正在获取场地信息：dateadd=-1, TimePeriod=0
2025-07-14 09:01:19 | INFO     | gui.main_windows:_load_initial_user_status:270 - 尝试加载初始用户状态...
2025-07-14 09:01:19 | INFO     | gui.main_windows:_fetch_and_display_user_info:291 - 尝试获取用户信息...
2025-07-14 09:01:20 | INFO     | gui.main_windows:_fetch_and_display_user_info:300 - 获取到用户名: 侯岚翔
2025-07-14 09:01:20 | INFO     | gui.main_windows:_load_and_display_avatar:320 - 正在加载头像: https://wework.qpic.cn/wwpic3az/140326_JB7hsLjfQluboix_1722488622/0
2025-07-14 09:01:20 | INFO     | gui.main_windows:_on_avatar_download_finished:355 - 头像加载成功。
2025-07-14 09:01:20 | INFO     | gui.badminton_booking_page:_on_venue_state_fetched:235 - 场地信息获取成功。
2025-07-14 09:01:21 | INFO     | gui.main_windows:_on_sport_selected:251 - 点击了 羽毛球 图标。
2025-07-14 09:01:22 | INFO     | gui.badminton_booking_page:_on_field_button_toggle_selection:395 - 已选中场地: 羽毛球场1号 10:00-11:00
2025-07-14 09:01:22 | INFO     | gui.badminton_booking_page:_on_field_button_toggle_selection:387 - 取消选中场地: 羽毛球场1号 10:00-11:00
2025-07-14 09:01:23 | INFO     | gui.badminton_booking_page:_on_field_button_toggle_selection:395 - 已选中场地: 羽毛球场1号 10:00-11:00
2025-07-14 09:01:23 | INFO     | gui.badminton_booking_page:_on_field_button_toggle_selection:387 - 取消选中场地: 羽毛球场1号 10:00-11:00
2025-07-14 09:01:23 | INFO     | gui.badminton_booking_page:_on_field_button_toggle_selection:395 - 已选中场地: 羽毛球场1号 11:00-12:00
2025-07-14 09:01:24 | INFO     | gui.badminton_booking_page:_on_field_button_toggle_selection:387 - 取消选中场地: 羽毛球场1号 11:00-12:00
2025-07-14 09:01:24 | INFO     | gui.badminton_booking_page:_on_field_button_toggle_selection:395 - 已选中场地: 羽毛球场1号 11:00-12:00
2025-07-14 09:01:24 | INFO     | gui.badminton_booking_page:_on_field_button_toggle_selection:387 - 取消选中场地: 羽毛球场1号 11:00-12:00
2025-07-14 09:01:24 | INFO     | gui.badminton_booking_page:_on_field_button_toggle_selection:395 - 已选中场地: 羽毛球场1号 11:00-12:00
2025-07-14 09:01:24 | INFO     | gui.badminton_booking_page:_on_field_button_toggle_selection:387 - 取消选中场地: 羽毛球场1号 11:00-12:00
2025-07-14 09:01:25 | INFO     | gui.badminton_booking_page:_on_field_button_toggle_selection:395 - 已选中场地: 羽毛球场1号 11:00-12:00
2025-07-14 09:01:25 | INFO     | gui.badminton_booking_page:_on_field_button_toggle_selection:387 - 取消选中场地: 羽毛球场1号 11:00-12:00
2025-07-14 09:01:25 | INFO     | gui.badminton_booking_page:_on_field_button_toggle_selection:395 - 已选中场地: 羽毛球场1号 11:00-12:00
2025-07-14 09:01:25 | INFO     | gui.badminton_booking_page:_on_field_button_toggle_selection:387 - 取消选中场地: 羽毛球场1号 11:00-12:00
2025-07-14 09:01:26 | INFO     | gui.badminton_booking_page:_on_field_button_toggle_selection:395 - 已选中场地: 羽毛球场1号 11:00-12:00
2025-07-14 09:01:26 | INFO     | gui.badminton_booking_page:_on_field_button_toggle_selection:387 - 取消选中场地: 羽毛球场1号 11:00-12:00
2025-07-14 09:01:26 | INFO     | gui.badminton_booking_page:_on_field_button_toggle_selection:395 - 已选中场地: 羽毛球场1号 11:00-12:00
2025-07-14 09:01:26 | INFO     | gui.badminton_booking_page:_on_field_button_toggle_selection:387 - 取消选中场地: 羽毛球场1号 11:00-12:00
2025-07-14 09:01:26 | INFO     | gui.badminton_booking_page:_on_field_button_toggle_selection:395 - 已选中场地: 羽毛球场1号 11:00-12:00
2025-07-14 09:01:26 | INFO     | gui.badminton_booking_page:_on_field_button_toggle_selection:387 - 取消选中场地: 羽毛球场1号 11:00-12:00
2025-07-14 09:01:27 | INFO     | gui.badminton_booking_page:_on_field_button_toggle_selection:395 - 已选中场地: 羽毛球场1号 11:00-12:00
2025-07-14 09:01:27 | INFO     | gui.badminton_booking_page:_on_field_button_toggle_selection:387 - 取消选中场地: 羽毛球场1号 11:00-12:00
2025-07-14 09:01:28 | INFO     | gui.badminton_booking_page:_on_field_button_toggle_selection:395 - 已选中场地: 羽毛球场1号 11:00-12:00
2025-07-14 09:01:28 | INFO     | gui.badminton_booking_page:_on_field_button_toggle_selection:387 - 取消选中场地: 羽毛球场1号 11:00-12:00
2025-07-14 09:01:29 | INFO     | gui.badminton_booking_page:_on_field_button_toggle_selection:395 - 已选中场地: 羽毛球场2号 10:00-11:00
2025-07-14 09:01:29 | INFO     | gui.badminton_booking_page:_on_field_button_toggle_selection:387 - 取消选中场地: 羽毛球场2号 10:00-11:00
2025-07-14 09:01:29 | INFO     | gui.badminton_booking_page:_on_field_button_toggle_selection:395 - 已选中场地: 羽毛球场2号 11:00-12:00
2025-07-14 09:01:29 | INFO     | gui.badminton_booking_page:_on_field_button_toggle_selection:387 - 取消选中场地: 羽毛球场2号 11:00-12:00
2025-07-14 09:02:57 | INFO     | core.schedule_task:__new__:31 - SchedulerManager: BackgroundScheduler 已初始化。
2025-07-14 09:02:57 | INFO     | gui.badminton_booking_page:_fetch_initial_reference_venue_state:186 - 初始加载：正在获取昨天的场地信息作为参考...
2025-07-14 09:02:57 | INFO     | gui.badminton_booking_page:run:36 - 正在获取场地信息：dateadd=-1, TimePeriod=0
2025-07-14 09:02:57 | INFO     | gui.main_windows:_load_initial_user_status:270 - 尝试加载初始用户状态...
2025-07-14 09:02:57 | INFO     | gui.main_windows:_fetch_and_display_user_info:291 - 尝试获取用户信息...
2025-07-14 09:02:57 | INFO     | gui.main_windows:_fetch_and_display_user_info:300 - 获取到用户名: 侯岚翔
2025-07-14 09:02:57 | INFO     | gui.main_windows:_load_and_display_avatar:320 - 正在加载头像: https://wework.qpic.cn/wwpic3az/140326_JB7hsLjfQluboix_1722488622/0
2025-07-14 09:02:57 | INFO     | gui.main_windows:_on_avatar_download_finished:355 - 头像加载成功。
2025-07-14 09:02:57 | INFO     | gui.badminton_booking_page:_on_venue_state_fetched:235 - 场地信息获取成功。
2025-07-14 09:02:58 | INFO     | gui.main_windows:_on_sport_selected:251 - 点击了 羽毛球 图标。
2025-07-14 09:02:59 | INFO     | gui.badminton_booking_page:_on_field_button_toggle_selection:395 - 已选中场地: 羽毛球场1号 10:00-11:00
2025-07-14 09:03:00 | INFO     | gui.badminton_booking_page:_on_field_button_toggle_selection:387 - 取消选中场地: 羽毛球场1号 10:00-11:00
2025-07-14 09:03:01 | INFO     | gui.badminton_booking_page:_on_time_period_changed:173 - 时间段选择改变为: 下午 (12:00-18:00) (值: 1)
2025-07-14 09:03:01 | INFO     | gui.badminton_booking_page:_fetch_venue_state:211 - 正在获取当前选择日期的场地信息...
2025-07-14 09:03:01 | INFO     | gui.badminton_booking_page:run:36 - 正在获取场地信息：dateadd=1, TimePeriod=1
2025-07-14 09:03:04 | INFO     | gui.badminton_booking_page:_on_venue_state_fetched:235 - 场地信息获取成功。
2025-07-14 09:03:04 | WARNING  | gui.badminton_booking_page:_on_venue_state_fetched:248 - 当前获取的场地信息中，没有找到可预订的场次。
2025-07-14 09:03:05 | INFO     | gui.badminton_booking_page:_on_field_button_toggle_selection:395 - 已选中场地: 羽毛球场1号 14:00-15:00
2025-07-14 09:03:05 | INFO     | gui.badminton_booking_page:_on_field_button_toggle_selection:395 - 已选中场地: 羽毛球场1号 15:00-16:00
2025-07-14 09:06:37 | INFO     | core.schedule_task:__new__:31 - SchedulerManager: BackgroundScheduler 已初始化。
2025-07-14 09:06:37 | INFO     | gui.badminton_booking_page:_fetch_initial_reference_venue_state:186 - 初始加载：正在获取昨天的场地信息作为参考...
2025-07-14 09:06:37 | INFO     | gui.main_windows:_load_initial_user_status:270 - 尝试加载初始用户状态...
2025-07-14 09:06:37 | INFO     | gui.badminton_booking_page:run:36 - 正在获取场地信息：dateadd=-1, TimePeriod=0
2025-07-14 09:06:37 | INFO     | gui.main_windows:_fetch_and_display_user_info:291 - 尝试获取用户信息...
2025-07-14 09:06:41 | INFO     | gui.main_windows:_fetch_and_display_user_info:300 - 获取到用户名: 侯岚翔
2025-07-14 09:06:41 | INFO     | gui.main_windows:_load_and_display_avatar:320 - 正在加载头像: https://wework.qpic.cn/wwpic3az/140326_JB7hsLjfQluboix_1722488622/0
2025-07-14 09:06:41 | INFO     | gui.badminton_booking_page:_on_venue_state_fetched:235 - 场地信息获取成功。
2025-07-14 09:06:41 | INFO     | gui.main_windows:_on_avatar_download_finished:355 - 头像加载成功。
2025-07-14 09:06:43 | INFO     | gui.main_windows:_on_sport_selected:251 - 点击了 羽毛球 图标。
2025-07-14 09:06:47 | INFO     | gui.badminton_booking_page:_on_time_period_changed:173 - 时间段选择改变为: 下午 (12:00-18:00) (值: 1)
2025-07-14 09:06:47 | INFO     | gui.badminton_booking_page:_fetch_venue_state:211 - 正在获取当前选择日期的场地信息...
2025-07-14 09:06:47 | INFO     | gui.badminton_booking_page:run:36 - 正在获取场地信息：dateadd=1, TimePeriod=1
2025-07-14 09:06:49 | INFO     | gui.badminton_booking_page:_on_venue_state_fetched:235 - 场地信息获取成功。
2025-07-14 09:06:49 | WARNING  | gui.badminton_booking_page:_on_venue_state_fetched:248 - 当前获取的场地信息中，没有找到可预订的场次。
2025-07-14 09:06:50 | INFO     | gui.badminton_booking_page:_on_field_button_toggle_selection:395 - 已选中场地: 羽毛球场1号 14:00-15:00
2025-07-14 09:06:51 | INFO     | gui.badminton_booking_page:_on_field_button_toggle_selection:387 - 取消选中场地: 羽毛球场1号 14:00-15:00
2025-07-14 09:06:51 | INFO     | gui.badminton_booking_page:_on_field_button_toggle_selection:395 - 已选中场地: 羽毛球场1号 13:00-14:00
2025-07-14 09:06:52 | INFO     | gui.badminton_booking_page:_on_field_button_toggle_selection:395 - 已选中场地: 羽毛球场1号 14:00-15:00
2025-07-14 09:06:52 | INFO     | core.schedule_task:add_booking_task:85 - SchedulerManager: 定时预约任务已添加，将在 2025-07-15 08:00:00 执行。任务ID: booking_job_1752537600.0_-3293126581492037505
2025-07-14 09:07:06 | INFO     | gui.badminton_booking_page:_on_date_changed:167 - 预约日期选择改变为: 2025-07-14
2025-07-14 09:07:06 | INFO     | gui.badminton_booking_page:_fetch_venue_state:211 - 正在获取当前选择日期的场地信息...
2025-07-14 09:07:06 | INFO     | gui.badminton_booking_page:run:36 - 正在获取场地信息：dateadd=0, TimePeriod=1
2025-07-14 09:07:08 | INFO     | gui.badminton_booking_page:_on_venue_state_fetched:235 - 场地信息获取成功。
2025-07-14 09:07:08 | WARNING  | gui.badminton_booking_page:_on_venue_state_fetched:248 - 当前获取的场地信息中，没有找到可预订的场次。
2025-07-14 09:07:11 | INFO     | gui.badminton_booking_page:_on_field_button_toggle_selection:395 - 已选中场地: 羽毛球场1号 14:00-15:00
2025-07-14 09:07:11 | INFO     | gui.badminton_booking_page:_on_field_button_toggle_selection:395 - 已选中场地: 羽毛球场1号 15:00-16:00
2025-07-14 09:07:20 | WARNING  | core.schedule_task:add_booking_task:67 - SchedulerManager: 任务执行时间 2025-07-14 08:00:00 已过期或为当前时间，将尝试立即执行。
2025-07-14 09:07:20 | INFO     | core.schedule_task:_execute_booking_job:97 - SchedulerManager: 正在执行定时预约任务，目标日期: 2025-07-14。
2025-07-14 09:07:20 | INFO     | core.schedule_task:_execute_booking_job:109 - SchedulerManager: 调用 OrderField API，参数: checkdata=[{'BeginTime': '14:00', 'Count': '2', 'DateBeginTime': '2025-07-14 14:00:00', 'DateEndTime': '2025-07-14 15:00:00', 'EndTime': '15:00', 'FieldName': '羽毛球场1号', 'FieldNo': 'GYMQ001', 'FieldState': '1', 'FieldTypeNo': '021', 'FinalPrice': '0.00', 'IsHalfHour': '0', 'MembeName': '贾**已预订', 'ShowWidth': '100', 'TimePeriod': '1', 'TimeStatus': '1'}, {'BeginTime': '15:00', 'Count': '2', 'DateBeginTime': '2025-07-14 15:00:00', 'DateEndTime': '2025-07-14 16:00:00', 'EndTime': '16:00', 'FieldName': '羽毛球场1号', 'FieldNo': 'GYMQ001', 'FieldState': '1', 'FieldTypeNo': '021', 'FinalPrice': '0.00', 'IsHalfHour': '0', 'MembeName': '贾**已预订', 'ShowWidth': '100', 'TimePeriod': '1', 'TimeStatus': '1'}], dateadd=0, VenueNo=02
2025-07-14 09:07:21 | INFO     | core.schedule_task:_execute_booking_job:112 - SchedulerManager: OrderField API 响应: {'IsCardPay': None, 'MemberNo': None, 'Discount': None, 'ConType': None, 'type': 3, 'errorcode': 0, 'message': '场地冲突，您选择的14:00至15:00的GYMQ001，该场地已被其他人使用，请请重新刷新页面选择场地！', 'resultdata': None}
2025-07-14 09:07:21 | WARNING  | core.schedule_task:_execute_booking_job:124 - SchedulerManager: 预约失败 (场地冲突/手速不够快): 场地冲突，您选择的14:00至15:00的GYMQ001，该场地已被其他人使用，请请重新刷新页面选择场地！
2025-07-14 09:07:21 | INFO     | core.schedule_task:_execute_booking_job:126 - SchedulerManager: 准备向 se_hyxiong@163.com 发送预约失败提醒邮件。
2025-07-14 09:20:37 | INFO     | core.schedule_task:__new__:31 - SchedulerManager: BackgroundScheduler 已初始化。
2025-07-14 09:20:37 | INFO     | gui.badminton_booking_page:_fetch_initial_reference_venue_state:186 - 初始加载：正在获取昨天的场地信息作为参考...
2025-07-14 09:20:37 | INFO     | gui.badminton_booking_page:run:36 - 正在获取场地信息：dateadd=-1, TimePeriod=0
2025-07-14 09:20:37 | INFO     | gui.main_windows:_load_initial_user_status:270 - 尝试加载初始用户状态...
2025-07-14 09:20:37 | INFO     | gui.main_windows:_fetch_and_display_user_info:291 - 尝试获取用户信息...
2025-07-14 09:20:37 | INFO     | gui.main_windows:_fetch_and_display_user_info:300 - 获取到用户名: 侯岚翔
2025-07-14 09:20:37 | INFO     | gui.main_windows:_load_and_display_avatar:320 - 正在加载头像: https://wework.qpic.cn/wwpic3az/140326_JB7hsLjfQluboix_1722488622/0
2025-07-14 09:20:38 | INFO     | gui.main_windows:_on_avatar_download_finished:355 - 头像加载成功。
2025-07-14 09:20:39 | INFO     | gui.main_windows:_on_sport_selected:251 - 点击了 羽毛球 图标。
2025-07-14 09:20:41 | INFO     | gui.badminton_booking_page:_on_venue_state_fetched:235 - 场地信息获取成功。
2025-07-14 09:20:49 | INFO     | gui.badminton_booking_page:_on_field_button_toggle_selection:395 - 已选中场地: 羽毛球场1号 10:00-11:00
2025-07-14 09:20:49 | INFO     | gui.badminton_booking_page:_on_field_button_toggle_selection:395 - 已选中场地: 羽毛球场1号 11:00-12:00
2025-07-14 09:20:49 | INFO     | core.schedule_task:add_booking_task:85 - SchedulerManager: 定时预约任务已添加，将在 2025-07-15 08:00:00 执行。任务ID: booking_job_1752537600.0_-6751556909450948941
2025-07-14 09:20:56 | INFO     | gui.badminton_booking_page:_on_date_changed:167 - 预约日期选择改变为: 2025-07-14
2025-07-14 09:20:56 | INFO     | gui.badminton_booking_page:_fetch_venue_state:211 - 正在获取当前选择日期的场地信息...
2025-07-14 09:20:56 | INFO     | gui.badminton_booking_page:run:36 - 正在获取场地信息：dateadd=0, TimePeriod=0
2025-07-14 09:20:58 | INFO     | gui.badminton_booking_page:_on_venue_state_fetched:235 - 场地信息获取成功。
2025-07-14 09:20:59 | INFO     | gui.badminton_booking_page:_on_field_button_toggle_selection:395 - 已选中场地: 羽毛球场1号 10:00-11:00
2025-07-14 09:20:59 | INFO     | gui.badminton_booking_page:_on_field_button_toggle_selection:395 - 已选中场地: 羽毛球场1号 11:00-12:00
2025-07-14 09:21:00 | WARNING  | core.schedule_task:add_booking_task:67 - SchedulerManager: 任务执行时间 2025-07-14 08:00:00 已过期或为当前时间，将尝试立即执行。
2025-07-14 09:21:00 | INFO     | core.schedule_task:_execute_booking_job:97 - SchedulerManager: 正在执行定时预约任务，目标日期: 2025-07-14。
2025-07-14 09:21:00 | INFO     | core.schedule_task:_execute_booking_job:109 - SchedulerManager: 调用 OrderField API，参数: checkdata=[{'BeginTime': '10:00', 'Count': '2', 'DateBeginTime': '2025-07-14 10:00:00', 'DateEndTime': '2025-07-14 11:00:00', 'EndTime': '11:00', 'FieldName': '羽毛球场1号', 'FieldNo': 'GYMQ001', 'FieldState': '1', 'FieldTypeNo': '021', 'FinalPrice': '0', 'IsHalfHour': '0', 'MembeName': '已过期', 'ShowWidth': '100', 'TimePeriod': '0', 'TimeStatus': '1'}, {'BeginTime': '11:00', 'Count': '2', 'DateBeginTime': '2025-07-14 11:00:00', 'DateEndTime': '2025-07-14 12:00:00', 'EndTime': '12:00', 'FieldName': '羽毛球场1号', 'FieldNo': 'GYMQ001', 'FieldState': '1', 'FieldTypeNo': '021', 'FinalPrice': '0', 'IsHalfHour': '0', 'MembeName': '已过期', 'ShowWidth': '100', 'TimePeriod': '0', 'TimeStatus': '1'}], dateadd=0, VenueNo=02
2025-07-14 09:21:01 | INFO     | core.schedule_task:_execute_booking_job:112 - SchedulerManager: OrderField API 响应: {'IsCardPay': None, 'MemberNo': None, 'Discount': None, 'ConType': None, 'type': 3, 'errorcode': 0, 'message': '当前时间段有场地不可用，请刷新页面后重新选择', 'resultdata': None}
2025-07-14 09:21:01 | WARNING  | core.schedule_task:_execute_booking_job:124 - SchedulerManager: 预约失败 (场地冲突/手速不够快): 当前时间段有场地不可用，请刷新页面后重新选择
2025-07-14 09:21:01 | INFO     | core.schedule_task:_execute_booking_job:126 - SchedulerManager: 准备向 se_hyxiong@163.com 发送预约失败提醒邮件。
2025-07-14 09:29:18 | WARNING  | config.app_config:set_project_root_dir:39 - ConfigManager: .env 文件未找到: C:\Users\SXH\Desktop\A-Project\.env。将尝试从系统环境变量获取配置。
2025-07-14 09:29:18 | INFO     | __main__:<module>:40 - 正在尝试发送测试邮件...
2025-07-14 09:29:18 | WARNING  | config.app_config:get:49 - ConfigManager: 环境变量 'EMAIL_SMTP_SERVER' 未设置，将使用默认值: None
2025-07-14 09:29:18 | WARNING  | config.app_config:get:49 - ConfigManager: 环境变量 'EMAIL_SMTP_PORT' 未设置，将使用默认值: 587
2025-07-14 09:29:18 | WARNING  | config.app_config:get:49 - ConfigManager: 环境变量 'EMAIL_USE_TLS' 未设置，将使用默认值: True
2025-07-14 09:29:18 | WARNING  | config.app_config:get:49 - ConfigManager: 环境变量 'EMAIL_SENDER_EMAIL' 未设置，将使用默认值: None
2025-07-14 09:29:18 | WARNING  | config.app_config:get:49 - ConfigManager: 环境变量 'EMAIL_SENDER_PASSWORD' 未设置，将使用默认值: None
2025-07-14 09:29:18 | ERROR    | tools.email_sender:send_email:38 - 邮件发送配置不完整，请检查 .env 文件中的邮件配置项 (EMAIL_SMTP_SERVER, EMAIL_SMTP_PORT, EMAIL_SENDER_EMAIL, EMAIL_SENDER_PASSWORD)。
2025-07-14 09:29:18 | ERROR    | __main__:<module>:44 - 测试邮件发送失败。
2025-07-14 09:32:08 | INFO     | core.schedule_task:__new__:31 - SchedulerManager: BackgroundScheduler 已初始化。
2025-07-14 09:32:15 | INFO     | core.schedule_task:__new__:31 - SchedulerManager: BackgroundScheduler 已初始化。
2025-07-14 09:32:36 | INFO     | core.schedule_task:__new__:31 - SchedulerManager: BackgroundScheduler 已初始化。
2025-07-14 09:32:36 | INFO     | gui.badminton_booking_page:_fetch_initial_reference_venue_state:186 - 初始加载：正在获取昨天的场地信息作为参考...
2025-07-14 09:32:36 | INFO     | gui.badminton_booking_page:run:36 - 正在获取场地信息：dateadd=-1, TimePeriod=0
2025-07-14 09:32:36 | INFO     | gui.main_windows:_load_initial_user_status:270 - 尝试加载初始用户状态...
2025-07-14 09:32:36 | INFO     | gui.main_windows:_fetch_and_display_user_info:291 - 尝试获取用户信息...
2025-07-14 09:32:40 | INFO     | gui.main_windows:_fetch_and_display_user_info:300 - 获取到用户名: 侯岚翔
2025-07-14 09:32:40 | INFO     | gui.main_windows:_load_and_display_avatar:320 - 正在加载头像: https://wework.qpic.cn/wwpic3az/140326_JB7hsLjfQluboix_1722488622/0
2025-07-14 09:32:40 | INFO     | gui.badminton_booking_page:_on_venue_state_fetched:235 - 场地信息获取成功。
2025-07-14 09:32:40 | INFO     | gui.main_windows:_on_avatar_download_finished:355 - 头像加载成功。
2025-07-14 09:32:42 | INFO     | gui.main_windows:_on_sport_selected:251 - 点击了 羽毛球 图标。
2025-07-14 09:32:45 | INFO     | gui.badminton_booking_page:_on_date_changed:167 - 预约日期选择改变为: 2025-07-14
2025-07-14 09:32:45 | INFO     | gui.badminton_booking_page:_fetch_venue_state:211 - 正在获取当前选择日期的场地信息...
2025-07-14 09:32:45 | INFO     | gui.badminton_booking_page:run:36 - 正在获取场地信息：dateadd=0, TimePeriod=0
2025-07-14 09:32:47 | INFO     | gui.badminton_booking_page:_on_venue_state_fetched:235 - 场地信息获取成功。
2025-07-14 09:32:48 | INFO     | gui.main_windows:_logout_user:222 - 用户退出登录。
2025-07-14 09:32:51 | INFO     | gui.login_page:_start_login_process:221 - 登录线程已启动。
2025-07-14 09:32:51 | INFO     | gui.login_page:run:42 - 正在启动浏览器...
2025-07-14 09:32:55 | INFO     | gui.login_page:run:58 - 已打开登录入口页面 (A页面): https://gyytygyy.xidian.edu.cn/Views/User/Main.html?VenueNo=02
2025-07-14 09:32:55 | INFO     | gui.login_page:run:64 - 等待跳转到验证页面 (B页面)...
2025-07-14 09:33:00 | INFO     | gui.login_page:run:70 - 已跳转到验证页面: https://ids.xidian.edu.cn/authserver/login?service=https%3A%2F%2Fxxcapp.xidian.edu.cn%2Fa_xidian%2Fapi%2Fcas-login%2Findex%3Fredirect%3Dhttps%253A%252F%252Fxxcapp.xidian.edu.cn%252F%252Fuc%252Fapi%252Foauth%252Findex%253Fappid%253D200240927110038794%2526redirect%253Dhttp%25253a%25252f%25252fgyytygyy.xidian.edu.cn%25252fUser%25252fQYLogin%2526state%253DSTATE%26from%3Dwap
2025-07-14 09:33:00 | INFO     | gui.login_page:run:83 - 请在弹出的浏览器窗口中完成登录操作...
2025-07-14 09:33:14 | INFO     | gui.login_page:run:92 - 已从验证页面返回主业务域 (A页面): https://gyytygyy.xidian.edu.cn/Views/User/Main.html
2025-07-14 09:33:14 | INFO     | gui.login_page:run:97 - 用户可能已登录并返回主业务域，尝试获取凭证...
2025-07-14 09:33:16 | INFO     | gui.login_page:_get_credentials_from_driver:136 - 获取到 8 条Cookie。
2025-07-14 09:33:16 | INFO     | gui.login_page:_get_credentials_from_driver:144 - 获取到 Local Storage 数据。
2025-07-14 09:33:16 | INFO     | gui.login_page:_get_credentials_from_driver:154 - 获取到 Session Storage 数据。
2025-07-14 09:33:16 | INFO     | gui.login_page:_on_login_success:227 - 登录成功信号接收。
2025-07-14 09:33:18 | INFO     | gui.main_windows:_on_login_successful_from_page:237 - 从登录页面接收到登录成功信号。
2025-07-14 09:33:18 | INFO     | gui.main_windows:_fetch_and_display_user_info:291 - 尝试获取用户信息...
2025-07-14 09:33:18 | INFO     | gui.main_windows:_fetch_and_display_user_info:300 - 获取到用户名: 侯岚翔
2025-07-14 09:33:18 | INFO     | gui.main_windows:_load_and_display_avatar:320 - 正在加载头像: https://wework.qpic.cn/wwpic3az/140326_JB7hsLjfQluboix_1722488622/0
2025-07-14 09:33:18 | INFO     | gui.main_windows:_on_avatar_download_finished:355 - 头像加载成功。
2025-07-14 09:33:18 | INFO     | gui.login_page:run:119 - 浏览器已关闭。
2025-07-14 09:33:19 | INFO     | gui.main_windows:_on_sport_selected:251 - 点击了 羽毛球 图标。
2025-07-14 09:33:25 | INFO     | gui.badminton_booking_page:_on_time_period_changed:173 - 时间段选择改变为: 晚上 (18:00-22:00) (值: 2)
2025-07-14 09:33:25 | INFO     | gui.badminton_booking_page:_fetch_venue_state:211 - 正在获取当前选择日期的场地信息...
2025-07-14 09:33:25 | INFO     | gui.badminton_booking_page:run:36 - 正在获取场地信息：dateadd=0, TimePeriod=2
2025-07-14 09:33:28 | INFO     | gui.badminton_booking_page:_on_venue_state_fetched:235 - 场地信息获取成功。
2025-07-14 09:33:28 | WARNING  | gui.badminton_booking_page:_on_venue_state_fetched:248 - 当前获取的场地信息中，没有找到可预订的场次。
2025-07-14 09:33:29 | INFO     | gui.badminton_booking_page:_on_field_button_toggle_selection:395 - 已选中场地: 羽毛球场1号 18:00-19:00
2025-07-14 09:33:29 | INFO     | gui.badminton_booking_page:_on_field_button_toggle_selection:395 - 已选中场地: 羽毛球场1号 19:00-20:00
2025-07-14 09:33:30 | WARNING  | core.schedule_task:add_booking_task:67 - SchedulerManager: 任务执行时间 2025-07-14 08:00:00 已过期或为当前时间，将尝试立即执行。
2025-07-14 09:33:30 | INFO     | core.schedule_task:_execute_booking_job:97 - SchedulerManager: 正在执行定时预约任务，目标日期: 2025-07-14。
2025-07-14 09:33:30 | INFO     | core.schedule_task:_execute_booking_job:109 - SchedulerManager: 调用 OrderField API，参数: checkdata=[{'BeginTime': '18:00', 'Count': '2', 'DateBeginTime': '2025-07-14 18:00:00', 'DateEndTime': '2025-07-14 19:00:00', 'EndTime': '19:00', 'FieldName': '羽毛球场1号', 'FieldNo': 'GYMQ001', 'FieldState': '1', 'FieldTypeNo': '021', 'FinalPrice': '0.00', 'IsHalfHour': '0', 'MembeName': '冷**已预订', 'ShowWidth': '100', 'TimePeriod': '2', 'TimeStatus': '1'}, {'BeginTime': '19:00', 'Count': '2', 'DateBeginTime': '2025-07-14 19:00:00', 'DateEndTime': '2025-07-14 20:00:00', 'EndTime': '20:00', 'FieldName': '羽毛球场1号', 'FieldNo': 'GYMQ001', 'FieldState': '1', 'FieldTypeNo': '021', 'FinalPrice': '0.00', 'IsHalfHour': '0', 'MembeName': '冷**已预订', 'ShowWidth': '100', 'TimePeriod': '2', 'TimeStatus': '1'}], dateadd=0, VenueNo=02
2025-07-14 09:33:31 | INFO     | core.schedule_task:_execute_booking_job:112 - SchedulerManager: OrderField API 响应: {'IsCardPay': None, 'MemberNo': None, 'Discount': None, 'ConType': None, 'type': 3, 'errorcode': 0, 'message': '场地冲突，您选择的18:00至19:00的GYMQ001，该场地已被其他人使用，请请重新刷新页面选择场地！', 'resultdata': None}
2025-07-14 09:33:31 | WARNING  | core.schedule_task:_execute_booking_job:124 - SchedulerManager: 预约失败 (场地冲突/手速不够快): 场地冲突，您选择的18:00至19:00的GYMQ001，该场地已被其他人使用，请请重新刷新页面选择场地！
2025-07-14 09:55:22 | INFO     | gui.main_windows:_on_sport_selected:251 - 点击了 乒乓球 图标。
2025-07-14 09:55:23 | INFO     | gui.main_windows:_on_sport_selected:251 - 点击了 羽毛球 图标。
2025-07-14 09:55:24 | INFO     | gui.main_windows:_on_sport_selected:251 - 点击了 篮球 图标。
2025-07-14 09:55:24 | INFO     | gui.main_windows:_on_sport_selected:251 - 点击了 健身 图标。
2025-07-14 09:55:25 | INFO     | gui.main_windows:_on_sport_selected:251 - 点击了 羽毛球 图标。
2025-07-14 09:58:46 | WARNING  | core.schedule_task:add_booking_task:67 - SchedulerManager: 任务执行时间 2025-07-14 08:00:00 已过期或为当前时间，将尝试立即执行。
2025-07-14 09:58:46 | INFO     | core.schedule_task:_execute_booking_job:97 - SchedulerManager: 正在执行定时预约任务，目标日期: 2025-07-14。
2025-07-14 09:58:46 | INFO     | core.schedule_task:_execute_booking_job:109 - SchedulerManager: 调用 OrderField API，参数: checkdata=[{'BeginTime': '18:00', 'Count': '2', 'DateBeginTime': '2025-07-14 18:00:00', 'DateEndTime': '2025-07-14 19:00:00', 'EndTime': '19:00', 'FieldName': '羽毛球场1号', 'FieldNo': 'GYMQ001', 'FieldState': '1', 'FieldTypeNo': '021', 'FinalPrice': '0.00', 'IsHalfHour': '0', 'MembeName': '冷**已预订', 'ShowWidth': '100', 'TimePeriod': '2', 'TimeStatus': '1'}, {'BeginTime': '19:00', 'Count': '2', 'DateBeginTime': '2025-07-14 19:00:00', 'DateEndTime': '2025-07-14 20:00:00', 'EndTime': '20:00', 'FieldName': '羽毛球场1号', 'FieldNo': 'GYMQ001', 'FieldState': '1', 'FieldTypeNo': '021', 'FinalPrice': '0.00', 'IsHalfHour': '0', 'MembeName': '冷**已预订', 'ShowWidth': '100', 'TimePeriod': '2', 'TimeStatus': '1'}], dateadd=0, VenueNo=02
2025-07-14 09:58:48 | INFO     | core.schedule_task:_execute_booking_job:112 - SchedulerManager: OrderField API 响应: {'IsCardPay': None, 'MemberNo': None, 'Discount': None, 'ConType': None, 'type': 3, 'errorcode': 0, 'message': '场地冲突，您选择的18:00至19:00的GYMQ001，该场地已被其他人使用，请请重新刷新页面选择场地！', 'resultdata': None}
2025-07-14 09:58:48 | WARNING  | core.schedule_task:_execute_booking_job:124 - SchedulerManager: 预约失败 (场地冲突/手速不够快): 场地冲突，您选择的18:00至19:00的GYMQ001，该场地已被其他人使用，请请重新刷新页面选择场地！
2025-07-15 06:30:36 | INFO     | gui.badminton_booking_page:_on_date_changed:167 - 预约日期选择改变为: 2025-08-14
2025-07-15 06:30:36 | INFO     | gui.badminton_booking_page:_fetch_venue_state:211 - 正在获取当前选择日期的场地信息...
2025-07-15 06:30:36 | INFO     | gui.badminton_booking_page:run:36 - 正在获取场地信息：dateadd=30, TimePeriod=2
2025-07-15 06:30:38 | ERROR    | tools.request_b:get_request:101 - GET请求失败: Expecting value: line 1 column 1 (char 0)
2025-07-15 06:30:38 | ERROR    | gui.badminton_booking_page:run:51 - 调用 GetVenueStateNew API 发生错误: Expecting value: line 1 column 1 (char 0)
2025-07-15 06:30:38 | ERROR    | gui.badminton_booking_page:_on_venue_state_error:258 - 获取场地信息失败: 调用场地信息API失败: Expecting value: line 1 column 1 (char 0)
2025-07-15 06:30:50 | INFO     | gui.main_windows:_logout_user:222 - 用户退出登录。
2025-07-15 06:30:53 | INFO     | gui.login_page:_start_login_process:221 - 登录线程已启动。
2025-07-15 06:30:53 | INFO     | gui.login_page:run:42 - 正在启动浏览器...
2025-07-15 06:30:57 | INFO     | gui.login_page:run:58 - 已打开登录入口页面 (A页面): https://gyytygyy.xidian.edu.cn/Views/User/Main.html?VenueNo=02
2025-07-15 06:30:57 | INFO     | gui.login_page:run:64 - 等待跳转到验证页面 (B页面)...
2025-07-15 06:31:06 | INFO     | gui.login_page:run:70 - 已跳转到验证页面: https://ids.xidian.edu.cn/authserver/login?service=https%3A%2F%2Fxxcapp.xidian.edu.cn%2Fa_xidian%2Fapi%2Fcas-login%2Findex%3Fredirect%3Dhttps%253A%252F%252Fxxcapp.xidian.edu.cn%252F%252Fuc%252Fapi%252Foauth%252Findex%253Fappid%253D200240927110038794%2526redirect%253Dhttp%25253a%25252f%25252fgyytygyy.xidian.edu.cn%25252fUser%25252fQYLogin%2526state%253DSTATE%26from%3Dwap
2025-07-15 06:31:06 | INFO     | gui.login_page:run:83 - 请在弹出的浏览器窗口中完成登录操作...
2025-07-15 06:32:20 | INFO     | gui.login_page:run:92 - 已从验证页面返回主业务域 (A页面): https://gyytygyy.xidian.edu.cn/Views/User/Main.html
2025-07-15 06:32:20 | INFO     | gui.login_page:run:97 - 用户可能已登录并返回主业务域，尝试获取凭证...
2025-07-15 06:32:22 | INFO     | gui.login_page:_get_credentials_from_driver:136 - 获取到 8 条Cookie。
2025-07-15 06:32:22 | INFO     | gui.login_page:_get_credentials_from_driver:144 - 获取到 Local Storage 数据。
2025-07-15 06:32:22 | INFO     | gui.login_page:_get_credentials_from_driver:154 - 获取到 Session Storage 数据。
2025-07-15 06:32:22 | INFO     | gui.login_page:_on_login_success:227 - 登录成功信号接收。
2025-07-15 06:32:25 | INFO     | gui.login_page:run:119 - 浏览器已关闭。
2025-07-15 06:32:25 | INFO     | gui.main_windows:_on_login_successful_from_page:237 - 从登录页面接收到登录成功信号。
2025-07-15 06:32:25 | INFO     | gui.main_windows:_fetch_and_display_user_info:291 - 尝试获取用户信息...
2025-07-15 06:32:25 | INFO     | gui.main_windows:_fetch_and_display_user_info:300 - 获取到用户名: 侯岚翔
2025-07-15 06:32:25 | INFO     | gui.main_windows:_load_and_display_avatar:320 - 正在加载头像: https://wework.qpic.cn/wwpic3az/140326_JB7hsLjfQluboix_1722488622/0
2025-07-15 06:32:25 | INFO     | gui.main_windows:_on_avatar_download_finished:355 - 头像加载成功。
2025-07-15 06:32:27 | INFO     | gui.main_windows:_on_sport_selected:251 - 点击了 羽毛球 图标。
2025-07-15 06:32:49 | INFO     | gui.badminton_booking_page:_on_date_changed:167 - 预约日期选择改变为: 2025-07-15
2025-07-15 06:32:49 | INFO     | gui.badminton_booking_page:_fetch_venue_state:211 - 正在获取当前选择日期的场地信息...
2025-07-15 06:32:49 | INFO     | gui.badminton_booking_page:run:36 - 正在获取场地信息：dateadd=0, TimePeriod=2
2025-07-15 06:32:51 | INFO     | gui.badminton_booking_page:_on_venue_state_fetched:235 - 场地信息获取成功。
2025-07-15 06:32:51 | WARNING  | gui.badminton_booking_page:_on_venue_state_fetched:248 - 当前获取的场地信息中，没有找到可预订的场次。
2025-07-15 06:33:00 | INFO     | gui.badminton_booking_page:_on_time_period_changed:173 - 时间段选择改变为: 下午 (12:00-18:00) (值: 1)
2025-07-15 06:33:00 | INFO     | gui.badminton_booking_page:_fetch_venue_state:211 - 正在获取当前选择日期的场地信息...
2025-07-15 06:33:00 | INFO     | gui.badminton_booking_page:run:36 - 正在获取场地信息：dateadd=0, TimePeriod=1
2025-07-15 06:33:01 | INFO     | gui.badminton_booking_page:_on_venue_state_fetched:235 - 场地信息获取成功。
2025-07-15 06:33:01 | WARNING  | gui.badminton_booking_page:_on_venue_state_fetched:248 - 当前获取的场地信息中，没有找到可预订的场次。
2025-07-15 06:33:04 | INFO     | gui.badminton_booking_page:_on_field_button_toggle_selection:395 - 已选中场地: 羽毛球场1号 13:00-14:00
2025-07-15 06:33:06 | INFO     | gui.badminton_booking_page:_on_field_button_toggle_selection:395 - 已选中场地: 羽毛球场1号 14:00-15:00
2025-07-15 06:33:08 | INFO     | core.schedule_task:add_booking_task:85 - SchedulerManager: 定时预约任务已添加，将在 2025-07-15 08:00:00 执行。任务ID: booking_job_1752537600.0_3069049084639929182
2025-07-15 06:34:48 | WARNING  | core.schedule_task:add_booking_task:67 - SchedulerManager: 任务执行时间 2025-07-15 06:00:00 已过期或为当前时间，将尝试立即执行。
2025-07-15 06:34:48 | INFO     | core.schedule_task:_execute_booking_job:97 - SchedulerManager: 正在执行定时预约任务，目标日期: 2025-07-15。
2025-07-15 06:34:48 | INFO     | core.schedule_task:_execute_booking_job:109 - SchedulerManager: 调用 OrderField API，参数: checkdata=[{'BeginTime': '13:00', 'Count': '2', 'DateBeginTime': '2025-07-15 13:00:00', 'DateEndTime': '2025-07-15 14:00:00', 'EndTime': '14:00', 'FieldName': '羽毛球场1号', 'FieldNo': 'GYMQ001', 'FieldState': '1', 'FieldTypeNo': '021', 'FinalPrice': '0.00', 'IsHalfHour': '0', 'MembeName': '已过期', 'ShowWidth': '100', 'TimePeriod': '1', 'TimeStatus': '1'}, {'BeginTime': '14:00', 'Count': '2', 'DateBeginTime': '2025-07-15 14:00:00', 'DateEndTime': '2025-07-15 15:00:00', 'EndTime': '15:00', 'FieldName': '羽毛球场1号', 'FieldNo': 'GYMQ001', 'FieldState': '1', 'FieldTypeNo': '021', 'FinalPrice': '0.00', 'IsHalfHour': '0', 'MembeName': '任**已预订', 'ShowWidth': '100', 'TimePeriod': '1', 'TimeStatus': '1'}], dateadd=0, VenueNo=02
2025-07-15 06:34:49 | INFO     | core.schedule_task:_execute_booking_job:112 - SchedulerManager: OrderField API 响应: {'IsCardPay': None, 'MemberNo': None, 'Discount': None, 'ConType': None, 'type': 3, 'errorcode': 0, 'message': '当前时间段有场地不可用，请刷新页面后重新选择', 'resultdata': None}
2025-07-15 06:34:49 | WARNING  | core.schedule_task:_execute_booking_job:124 - SchedulerManager: 预约失败 (场地冲突/手速不够快): 当前时间段有场地不可用，请刷新页面后重新选择
2025-07-15 06:44:02 | INFO     | core.schedule_task:add_booking_task:85 - SchedulerManager: 定时预约任务已添加，将在 2025-07-15 06:45:00 执行。任务ID: booking_job_1752533100.0_3069049084639929182
