2025-07-13 22:37:46 | WARNING  | tools.request_b:_update_session_with_credentials:53 - CredentialsConfig中没有可用的Cookie。
2025-07-13 22:37:46 | ERROR    | tools.request_b:get_request:101 - GET请求失败: Expecting value: line 1 column 1 (char 0)
2025-07-13 22:37:58 | WARNING  | tools.request_b:_update_session_with_credentials:53 - CredentialsConfig中没有可用的Cookie。
2025-07-13 22:38:09 | WARNING  | tools.request_b:_update_session_with_credentials:53 - CredentialsConfig中没有可用的Cookie。
2025-07-13 22:38:09 | ERROR    | tools.request_b:get_request:101 - GET请求失败: Expecting value: line 1 column 1 (char 0)
2025-07-13 22:44:30 | WARNING  | tools.request_b:_update_session_with_credentials:53 - CredentialsConfig中没有可用的Cookie。
2025-07-13 22:44:31 | ERROR    | tools.request_b:get_request:101 - GET请求失败: Expecting value: line 1 column 1 (char 0)
2025-07-13 22:49:54 | WARNING  | tools.request_b:_update_session_with_credentials:53 - CredentialsConfig中没有可用的Cookie。
2025-07-13 22:49:55 | ERROR    | tools.request_b:get_request:101 - GET请求失败: Expecting value: line 1 column 1 (char 0)
2025-07-13 22:52:27 | ERROR    | tools.request_b:get_request:101 - GET请求失败: Expecting value: line 1 column 1 (char 0)
2025-07-13 22:55:42 | ERROR    | tools.request_b:get_request:101 - GET请求失败: Expecting value: line 1 column 1 (char 0)
2025-07-13 23:54:47 | INFO     | gui.login:start_login_process:207 - 登录线程已启动。
2025-07-13 23:54:47 | INFO     | gui.login:run:49 - 正在启动浏览器...
2025-07-13 23:55:25 | ERROR    | gui.login:run:113 - WebDriver错误：Message: unknown error: net::ERR_CONNECTION_CLOSED
  (Session info: chrome=138.0.7204.101)
Stacktrace:
	GetHandleVerifier [0x0x7ff6f5b86f75+76917]
	GetHandleVerifier [0x0x7ff6f5b86fd0+77008]
	(No symbol) [0x0x7ff6f5939dea]
	(No symbol) [0x0x7ff6f5936ba5]
	(No symbol) [0x0x7ff6f5927879]
	(No symbol) [0x0x7ff6f5929631]
	(No symbol) [0x0x7ff6f5927b96]
	(No symbol) [0x0x7ff6f59275f6]
	(No symbol) [0x0x7ff6f59272ba]
	(No symbol) [0x0x7ff6f5924e8b]
	(No symbol) [0x0x7ff6f592570c]
	(No symbol) [0x0x7ff6f593dd9a]
	(No symbol) [0x0x7ff6f59e143e]
	(No symbol) [0x0x7ff6f59b846a]
	(No symbol) [0x0x7ff6f59e065c]
	(No symbol) [0x0x7ff6f59b8243]
	(No symbol) [0x0x7ff6f5981431]
	(No symbol) [0x0x7ff6f59821c3]
	GetHandleVerifier [0x0x7ff6f5e5d2ad+3051437]
	GetHandleVerifier [0x0x7ff6f5e57903+3028483]
	GetHandleVerifier [0x0x7ff6f5e7589d+3151261]
	GetHandleVerifier [0x0x7ff6f5ba183e+185662]
	GetHandleVerifier [0x0x7ff6f5ba96ff+218111]
	GetHandleVerifier [0x0x7ff6f5b8faf4+112628]
	GetHandleVerifier [0x0x7ff6f5b8fca9+113065]
	GetHandleVerifier [0x0x7ff6f5b76c78+10616]
	BaseThreadInitThunk [0x0x7ffa30027374+20]
	RtlUserThreadStart [0x0x7ffa31b3cc91+33]

2025-07-13 23:55:25 | ERROR    | gui.login:on_login_failed:229 - 登录失败信号接收：WebDriver错误：请确保浏览器驱动已正确安装并可在PATH中找到，或指定正确的路径。错误信息：Message: unknown error: net::ERR_CONNECTION_CLOSED
  (Session info: chrome=138.0.7204.101)
Stacktrace:
	GetHandleVerifier [0x0x7ff6f5b86f75+76917]
	GetHandleVerifier [0x0x7ff6f5b86fd0+77008]
	(No symbol) [0x0x7ff6f5939dea]
	(No symbol) [0x0x7ff6f5936ba5]
	(No symbol) [0x0x7ff6f5927879]
	(No symbol) [0x0x7ff6f5929631]
	(No symbol) [0x0x7ff6f5927b96]
	(No symbol) [0x0x7ff6f59275f6]
	(No symbol) [0x0x7ff6f59272ba]
	(No symbol) [0x0x7ff6f5924e8b]
	(No symbol) [0x0x7ff6f592570c]
	(No symbol) [0x0x7ff6f593dd9a]
	(No symbol) [0x0x7ff6f59e143e]
	(No symbol) [0x0x7ff6f59b846a]
	(No symbol) [0x0x7ff6f59e065c]
	(No symbol) [0x0x7ff6f59b8243]
	(No symbol) [0x0x7ff6f5981431]
	(No symbol) [0x0x7ff6f59821c3]
	GetHandleVerifier [0x0x7ff6f5e5d2ad+3051437]
	GetHandleVerifier [0x0x7ff6f5e57903+3028483]
	GetHandleVerifier [0x0x7ff6f5e7589d+3151261]
	GetHandleVerifier [0x0x7ff6f5ba183e+185662]
	GetHandleVerifier [0x0x7ff6f5ba96ff+218111]
	GetHandleVerifier [0x0x7ff6f5b8faf4+112628]
	GetHandleVerifier [0x0x7ff6f5b8fca9+113065]
	GetHandleVerifier [0x0x7ff6f5b76c78+10616]
	BaseThreadInitThunk [0x0x7ffa30027374+20]
	RtlUserThreadStart [0x0x7ffa31b3cc91+33]

2025-07-13 23:55:27 | INFO     | gui.login:run:124 - 浏览器已关闭。
2025-07-13 23:56:11 | INFO     | gui.login:start_login_process:207 - 登录线程已启动。
2025-07-13 23:56:11 | INFO     | gui.login:run:49 - 正在启动浏览器...
2025-07-13 23:56:33 | INFO     | gui.login:start_login_process:207 - 登录线程已启动。
2025-07-13 23:56:33 | INFO     | gui.login:run:49 - 正在启动浏览器...
2025-07-13 23:56:35 | INFO     | gui.login:run:65 - 已打开登录入口页面 (A页面): https://gyytygyy.xidian.edu.cn/Views/User/Main.html?VenueNo=02
2025-07-13 23:56:35 | INFO     | gui.login:run:71 - 等待跳转到验证页面 (B页面)...
2025-07-13 23:56:54 | INFO     | gui.login:run:77 - 已跳转到验证页面: https://ids.xidian.edu.cn/authserver/login?service=https%3A%2F%2Fxxcapp.xidian.edu.cn%2Fa_xidian%2Fapi%2Fcas-login%2Findex%3Fredirect%3Dhttps%253A%252F%252Fxxcapp.xidian.edu.cn%252F%252Fuc%252Fapi%252Foauth%252Findex%253Fappid%253D200240927110038794%2526redirect%253Dhttp%25253a%25252f%25252fgyytygyy.xidian.edu.cn%25252fUser%25252fQYLogin%2526state%253DSTATE%26from%3Dwap
2025-07-13 23:56:54 | INFO     | gui.login:run:89 - 请在弹出的浏览器窗口中完成登录操作...
2025-07-13 23:57:13 | INFO     | gui.login:run:98 - 已从验证页面返回主业务域 (A页面): https://gyytygyy.xidian.edu.cn/Views/User/Main.html
2025-07-13 23:57:13 | INFO     | gui.login:run:103 - 用户可能已登录并返回主业务域，尝试获取凭证...
2025-07-13 23:57:16 | INFO     | gui.login:_get_credentials_from_driver:141 - 获取到 8 条Cookie。
2025-07-13 23:57:16 | INFO     | gui.login:_get_credentials_from_driver:149 - 获取到 Local Storage 数据。
2025-07-13 23:57:16 | INFO     | gui.login:_get_credentials_from_driver:159 - 获取到 Session Storage 数据。
2025-07-13 23:57:16 | INFO     | gui.login:on_login_success:213 - 登录成功信号接收。
2025-07-13 23:57:18 | INFO     | gui.login:run:124 - 浏览器已关闭。
2025-07-13 23:57:20 | INFO     | gui.login:_fetch_and_display_user_info:239 - 尝试获取用户信息...
2025-07-13 23:59:01 | INFO     | gui.login:start_login_process:223 - 登录线程已启动。
2025-07-13 23:59:01 | INFO     | gui.login:run:49 - 正在启动浏览器...
2025-07-13 23:59:03 | INFO     | gui.login:run:65 - 已打开登录入口页面 (A页面): https://gyytygyy.xidian.edu.cn/Views/User/Main.html?VenueNo=02
2025-07-13 23:59:03 | INFO     | gui.login:run:71 - 等待跳转到验证页面 (B页面)...
2025-07-13 23:59:12 | INFO     | gui.login:run:77 - 已跳转到验证页面: https://ids.xidian.edu.cn/authserver/login?service=https%3A%2F%2Fxxcapp.xidian.edu.cn%2Fa_xidian%2Fapi%2Fcas-login%2Findex%3Fredirect%3Dhttps%253A%252F%252Fxxcapp.xidian.edu.cn%252F%252Fuc%252Fapi%252Foauth%252Findex%253Fappid%253D200240927110038794%2526redirect%253Dhttp%25253a%25252f%25252fgyytygyy.xidian.edu.cn%25252fUser%25252fQYLogin%2526state%253DSTATE%26from%3Dwap
2025-07-13 23:59:12 | INFO     | gui.login:run:89 - 请在弹出的浏览器窗口中完成登录操作...
2025-07-13 23:59:24 | INFO     | gui.login:run:98 - 已从验证页面返回主业务域 (A页面): https://gyytygyy.xidian.edu.cn/Views/User/Main.html
2025-07-13 23:59:24 | INFO     | gui.login:run:103 - 用户可能已登录并返回主业务域，尝试获取凭证...
2025-07-13 23:59:26 | INFO     | gui.login:_get_credentials_from_driver:141 - 获取到 8 条Cookie。
2025-07-13 23:59:26 | INFO     | gui.login:_get_credentials_from_driver:149 - 获取到 Local Storage 数据。
2025-07-13 23:59:26 | INFO     | gui.login:_get_credentials_from_driver:159 - 获取到 Session Storage 数据。
2025-07-13 23:59:26 | INFO     | gui.login:on_login_success:229 - 登录成功信号接收。
2025-07-13 23:59:28 | INFO     | gui.login:_fetch_and_display_user_info:258 - 尝试获取用户信息...
2025-07-13 23:59:28 | INFO     | gui.login:_fetch_and_display_user_info:267 - 获取到用户名: 侯岚翔
2025-07-13 23:59:28 | INFO     | gui.login:_load_and_display_avatar:287 - 正在加载头像: https://wework.qpic.cn/wwpic3az/140326_JB7hsLjfQluboix_1722488622/0
2025-07-13 23:59:28 | INFO     | gui.login:run:124 - 浏览器已关闭。
2025-07-13 23:59:29 | INFO     | gui.login:_on_avatar_download_finished:305 - 头像加载成功。
